00/00:          ; DOSDEF.S
01/80:          ; THIS FILE CONTAINS IMPORTANT DEFINES USED IN DOS/281
01/80:          
01/80:          ; BIOS CALLS
01/80:          REBOOT	= 0
01/80:          AREBOOT = 1
01/80:          INDIR	= 2
01/80:          IRET	= 3
01/80:          SYSCALL	= 4
01/80:          SYSJUMP	= 5
01/80:          PRGM	= 6
01/80:          IWRITE	= 7
01/80:          ZSTART	= 8
01/80:          
01/80:          HALT	= 0X7F
01/80:          
01/80:          ; SYSTEM CALLS
01/80:          S_EXIT	= 0
01/80:          S_PUTC	= 1
01/80:          S_GETC	= 2
01/80:          S_STAT	= 3
01/80:          S_PUTS	= 4
01/80:          S_INPUT	= 5
01/80:          S_OPEN	= 6
01/80:          S_CLOSE	= 7
01/80:          S_READ	= 8
01/80:          S_WRITE	= 9
01/80:          S_FSRCH	= 10
01/80:          S_NEXT	= 11
01/80:          S_DELET	= 12
01/80:          S_CREAT	= 13
01/80:          S_FREE	= 14
01/80:          S_EXEC	= 15
01/80:          
01/80:          ; MEMORY AREAS
01/80:          CF_NAME	= 0X60
01/80:          CF_SIZE	= 0X68
01/80:          CF_USR	= 0X6A
01/80:          DFT_USR	= 0X6B
01/80:          ARG_BNK	= 0X6C
01/80:          BD_FREE	= 0X6E
01/80:          MAX_IB	= 0X70
01/80:          MAX_DB	= 0X71
01/80:          CMDL_B	= 0X72
01/80:          AUTO_B	= 0X73
01/80:          KERNMEM	= 0X78
01/80:          BIOSMEM	= 0X7C
01/80:          
01/80:          ; DATA BANK ADDRESS
01/80:          DBANK	= 0X80		
01/80:          
01/80:          ; DEBUG.S
01/80:          ; MODIFY A .SAV RECORD
01/80:          
01/80:          ; BANK ALLOCATION STUFF
01/80:          BI	= 1
01/80:          BD	= 1
01/80:          
01/80:          ; MAXIMUM ARGUMENTS
01/80:          MAXARGS	= 1
01/80:          
01/80:          .TEXT
01/80:          .BANK	BI
01/80:          CORE0_B	= BI
01/80:          
01/80:          	; START BY PROCESSING THE ARGUMENTS
01/80: 3000     START:	LOADI	A,0
01/81: A080     	STORE	[DBANK],A
01/83:          	
01/82:          	; RESET ARG STATE
01/82: A000     	STORE	[ARGC],A
01/84:          	
01/83:          	; SET UP STACK
01/83: 3C5E     	LOADI	D,0X60-2
01/85:          	
01/84:          	; SYSCALL RETURN BANK
01/84: 3801     	LOADI	C,1	
01/85: BB01     	STOREF	[D+1],C
01/87:          	
01/86:          	; SET UP POINTER
01/86: 3800     	LOADI	C,0
01/88:          	
01/87:          	; GO TO ARGUMENT BANK
01/87: 8072     0:	LOAD	A,[CMDL_B]
01/88: A06C     	STORE	[ARG_BNK],A
01/89: A080     	STORE	[DBANK],A
01/8B:          
01/8A:          	; SKIP THE CURRENT ARGUMENT
01/8A: 9200     1:	LOADF	A,[C]
01/8B: 3420     	LOADI	B,0X20
01/8C: D100     	CMP	A,B
01/8D: F902     	BRBE	2F
01/8E: 5801     	ADDI	C,1
01/8F: FFFA     	JUMP	1B
01/91:          
01/90:          	; LOOK FOR AN ARGUMENT
01/90: 9200     2:	LOADF	A,[C]
01/91: 5000     	ADDI	A,0
01/92: F62B     	BRZ	ARGDONE
01/93: D100     	CMP	A,B
01/94: F802     	BRA	3F
01/95: 5801     	ADDI	C,1
01/96: FFF9     	JUMP	2B
01/98:          
01/97:          	; IS IT A FLAG?
01/97: 342D     3:	LOADI	B,'-'
01/98: D100     	CMP	A,B
01/99: F711     	BRNZ	5F
01/9B:          	
01/9A:          	; HANDLE FLAGS HERE	
01/9A: 5801     4:	ADDI	C,1
01/9B: 9200     	LOADF	A,[C]
01/9C: 5000     	ADDI	A,0
01/9D: F620     	BRZ	ARGDONE
01/9E: 3420     	LOADI	B,0X20
01/9F: D100     	CMP	A,B
01/A0: F9EF     	BRBE	2B
01/A2:          	
01/A1:          	; REGISTER THE FLAG
01/A1: 3400     	LOADI	B,0
01/A2: A480     	STORE	[DBANK],B
01/A4:          
01/A3:          ;	SUBI	A,'A'
01/A3:          ;	BRNZ	@+2
01/A3:          ;	LOADI	B,AFLAG
01/A3:          	
01/A3:          	; IS IT A RECOGNIZED FLAG?
01/A3: 5400     	ADDI	B,0
01/A4: F60F     	BRZ	ARGBAD
01/A5: 3001     	LOADI	A,1
01/A6: B100     	STOREF	[B],A
01/A8:          
01/A7:          	; THERE MAY BE ANOTHER FLAG
01/A7: 8472     	LOAD	B,[CMDL_B]
01/A8: A46C     	STORE	[ARG_BNK],B
01/A9: A480     	STORE	[DBANK],B
01/AA: FFEF     	JUMP	4B
01/AC:          
01/AB:          	; SAVE THE ARGUMENT
01/AB: 3400     5:	LOADI	B,0
01/AC: A480     	STORE	[DBANK],B
01/AD: 8400     	LOAD	B,[ARGC]
01/AE: B901     	STOREF	[B+ARGV],C
01/B0:          	
01/AF:          	; DID WE EXCEED THE ALLOWED NUMBER OF ARGUMENTS
01/AF: 7401     	SUBI	B,MAXARGS
01/B0: F003     	BRC	ARGBAD
01/B1: 5402     	ADDI	B,MAXARGS+1
01/B2: A400     	STORE	[ARGC],B
01/B3: FFD3     	JUMP	0B
01/B5:          	
01/B4:          	; BAD ARGUMENT
01/B4: 3000     ARGBAD:	LOADI	A,0
01/B5: A080     	STORE	[DBANK],A
01/B7:          	
01/B6: 3001     	LOADI	A,STR0_B
01/B7: A06C     	STORE	[ARG_BNK],A
01/B8: 3000     	LOADI	A,ERROR0
01/BA:          	
01/B9:          	; PRINT ERROR MESSAGE
01/B9: 3404     	LOADI	B,S_PUTS
01/BA: 38BC     	LOADI	C,EXIT
01/BB: FF48     	JUMP	SYSCALL	
01/BD:          
01/BC:          	; EXIT PROGRAM
01/BC: 3400     EXIT:	LOADI	B,0
01/BD: FF47     	JUMP	SYSJUMP
01/BF:          	
01/BE:          	; ARGUMENT PROCESSING DONE
01/BE: 3000     ARGDONE:LOADI	A,0
01/BF: A080     	STORE	[DBANK],A
01/C1:          	
01/C0:          	; CHECK ARG COUNT
01/C0: 8000     	LOAD	A,[ARGC]
01/C1: 7001     	SUBI	A,1
01/C2: F7F1     	BRNZ	ARGBAD
01/C4:          	
01/C3:          	; CALL SVREAD
01/C3: 38C8     	LOADI	C,@+5
01/C4: BB00     	STOREF	[D],C
01/C5: 3403     	LOADI	B,FIO_B
01/C6: 3880     	LOADI	C,SVREAD
01/C7: FF3A     	JUMP	INDIR
01/C9:          	
01/C8:          	; GO TO PROMPT
01/C8: 3402     	LOADI	B,CMD0_B
01/C9: 3882     	LOADI	C,PROMPT
01/CA: FF37     	JUMP	INDIR
01/CC:          
01/CB:          
01/CB:          	; BANK IS DONE, MOVE ON TO THE NEXT
01/CB:          BI	= BI+1
01/CB:          .TEXT
01/CB:          .BANK	BI
02/80:          CMD0_B	= BI
02/80:          
02/80: 3057     ERROR:	LOADI	A,ST_ERR
02/81: FF01     	JUMP	0F
02/83:          
02/82:          	; SEND UP THE COMMAND LINE PROMPT
02/82: 305A     PROMPT:	LOADI	A,ST_PRM
02/83: 3802     0:	LOADI	C,BI
02/84: BB01     	STOREF	[D+1],C
02/85: 3401     	LOADI	B,STR0_B
02/86: A46C     	STORE	[ARG_BNK],B
02/87: 3404     	LOADI	B,S_PUTS
02/88: 388A     	LOADI	C,@+2
02/89: FF7A     	JUMP	SYSCALL
02/8B:          	
02/8A:          	; GET USER INPUT
02/8A: 3402     	LOADI	B,BUF_B
02/8B: A46C     	STORE	[ARG_BNK],B
02/8C: 3405     	LOADI	B,S_INPUT
02/8D: 388F     	LOADI	C,@+2
02/8E: FF75     	JUMP	SYSCALL
02/90:          
02/8F:          	; PREPARE TO PARSE
02/8F: 3000     	LOADI	A,0
02/90: A003     	STORE	[POINTER],A
02/91: A004     	STORE	[STATE],A
02/92: A009     	STORE	[ADDRESS],A
02/94:          	
02/93:          	; EXECUTE PARSE
02/93: 3898     	LOADI	C,@+5
02/94: BB00     	STOREF	[D],C
02/95: 3402     	LOADI	B,CMD0_B
02/96: 38A7     	LOADI	C,PARSEH
02/97: FF6A     	JUMP	INDIR
02/98: 5000     	ADDI	A,0
02/99: F4E6     	BRN	ERROR
02/9B:          	
02/9A:          	; MAKE SURE THE NEXT VALUE IS ZERO
02/9A: 8803     	LOAD	C,[POINTER]
02/9B: 3402     	LOADI	B,BUF_B
02/9C: A480     	STORE	[DBANK],B
02/9D: 9A01     	LOADF	C,[C+1]
02/9E: 3400     	LOADI	B,0
02/9F: A480     	STORE	[DBANK],B
02/A0: 5800     	ADDI	C,0
02/A1: F7DE     	BRNZ	ERROR
02/A3:          	
02/A2:          	; PARSE COMMAND
02/A2: 7051     	SUBI	A,'Q'
02/A3: 3401     	LOADI	B,CORE0_B
02/A4: 38BC     	LOADI	C,EXIT
02/A5: F65C     	BRZ	INDIR
02/A7:          	
02/A6: FFD9     	JUMP	ERROR
02/A8:          	
02/A7:          	; PARSES A HEXADECIMAL NUMBER
02/A7:          	; THE NUMBER WILL CONTINUE TO BE PARSED UNTIL
02/A7:          	; THE END OF THE NUMBER IS REACHED.
02/A7:          	; [POINTER] = ADDRESS OF NUMBER
02/A7:          	; RETURNS A=0XFF IF THE PARSING OVERFLOWED
02/A7:          	; USES: A, B, C
02/A7: 3000     PARSEH:	LOADI	A,0
02/A8: A005     	STORE	[VALUE],A
02/A9: A006     	STORE	[VALUE+1],A
02/AB:          
02/AA:          	; READ A CHARACTER FROM THE COMMAND LINE
02/AA: 8803     0:	LOAD	C,[POINTER]
02/AB: 3402     	LOADI	B,BUF_B
02/AC: A480     	STORE	[DBANK],B
02/AD: 9200     	LOADF	A,[C]
02/AE: 3400     	LOADI	B,0
02/AF: A480     	STORE	[DBANK],B
02/B0: 5801     	ADDI	C,1
02/B1: A803     	STORE	[POINTER],C
02/B3:          	
02/B2:          	; CHECK BOUNDS
02/B2: 3430     	LOADI	B,'0'
02/B3: D100     	CMP	A,B
02/B4: F14E     	BRB	IRET
02/B5: 3439     	LOADI	B,'9'
02/B6: D100     	CMP	A,B
02/B7: F907     	BRBE	1F
02/B9:          	
02/B8: 3441     	LOADI	B,'A'
02/B9: D100     	CMP	A,B
02/BA: F148     	BRB	IRET
02/BB: 3446     	LOADI	B,'F'
02/BC: D100     	CMP	A,B
02/BD: F845     	BRA	IRET
02/BF:          	
02/BE: 7007     	SUBI	A,'A'-('0'+10)
02/C0:          	
02/BF:          	; CONVERT FROM ASCII
02/BF: 7030     1:	SUBI	A,'0'
02/C1:          
02/C0:          	; MULTIPLY VALUE BY 4
02/C0: A00D     	STORE	[TEMP],A
02/C1: 8405     	LOAD	B,[VALUE]
02/C2: 8806     	LOAD	C,[VALUE+1]
02/C3: 3004     	LOADI	A,4
02/C4: 4500     2:	SHIFTL	B
02/C5: F00C     	BRC	9F
02/C6: 4A00     	SHIFTL	C
02/C7: F101     	BRNC	3F
02/C8: 5401     	ADDI	B,1
02/C9: 7001     3:	SUBI	A,1
02/CA: F7F9     	BRNZ	2B
02/CC:          	
02/CB:          	; ADD TO VALUE
02/CB: 800D     	LOAD	A,[TEMP]
02/CC: 4800     	ADD	C,A
02/CD: A405     	STORE	[VALUE],B
02/CE: A806     	STORE	[VALUE+1],C
02/D0:          	
02/CF:          	; SET STATE
02/CF: 3001     	LOADI	A,1
02/D0: A004     	STORE	[STATE],A
02/D1: FFD8     	JUMP	0B
02/D3:          	
02/D2:          	; ERROR
02/D2: 30FF     9:	LOADI	A,0XFF
02/D3: FF2F     	JUMP	IRET
02/D5:          
02/D4:          	; BANK IS DONE, MOVE ON TO THE NEXT
02/D4:          BI	= BI+1
02/D4:          .TEXT
02/D4:          .BANK	BI
03/80:          FIO_B	= BI
03/80:          
03/80:          	; READS IN THE INITIAL SAVE FILE
03/80:          	; IF A RECORD IS FOUND, THE BLOCK WILL BE RECORDED
03/80:          	; THE PURPOSE OF THIS IS TO GET A MAP OF WHAT BANKS
03/80:          	; EXIST ON WHAT BLOCKS IN THE FILE
03/80:          	; REBUILDS THE ALLOCATION TABLE
03/80:          	; USES: A, B, C
03/80: 3000     SVREAD:	LOADI	A,0
03/81: A00B     	STORE	[ISFULL],A
03/82: 3800     	LOADI	C,0
03/83: 3405     0:	LOADI	B,ALLOC_B
03/84: A480     	STORE	[DBANK],B
03/85: B200     	STOREF	[C],A
03/86: 3406     	LOADI	B,ALLOC_B+1
03/87: A480     	STORE	[DBANK],B
03/88: B200     	STOREF	[C],A
03/89: 5801     	ADDI	C,1
03/8A: F5F8     	BRNN	0B
03/8B: A080     	STORE	[DBANK],A
03/8D:          	
03/8C:          	; ATTEMPT TO OPEN FILE
03/8C: 8072     	LOAD	A,[CMDL_B]
03/8D: A06C     	STORE	[ARG_BNK],A
03/8E: 8001     	LOAD	A,[ARGV]
03/8F: 3803     	LOADI	C,BI
03/90: BB01     	STOREF	[D+1],C
03/91: 3406     	LOADI	B,S_OPEN
03/92: 3894     	LOADI	C,@+2
03/93: FF70     	JUMP	SYSCALL
03/94: 5000     	ADDI	A,0
03/95: F607     	BRZ	1F
03/97:          	
03/96:          	; CAN'T OPEN, CREATE THE FILE
03/96: 340D     	LOADI	B,S_CREAT
03/97: 3899     	LOADI	C,@+2
03/98: FF6B     	JUMP	SYSCALL
03/99: 5000     	ADDI	A,0
03/9A: F602     	BRZ	1F
03/9C:          	
03/9B:          	; ERROR
03/9B: 3027     	LOADI	A,ERROR1
03/9C: FF28     	JUMP	9F
03/9E:          	
03/9D:          	; RESET BLOCK COUNTER
03/9D: 3007     1:	LOADI	A,WORK_B
03/9E: A06C     	STORE	[ARG_BNK],A
03/9F: 3800     	LOADI	C,0
03/A1:          	
03/A0:          	; READ A BLOCK
03/A0: A80A     2:	STORE	[FNEXT],C
03/A1: 2200     	MOV	A,C
03/A2: 3408     	LOADI	B,S_READ
03/A3: 38A5     	LOADI	C,@+2
03/A4: FF5F     	JUMP	SYSCALL
03/A5: 5000     	ADDI	A,0
03/A6: F71A     	BRNZ	4F
03/A8:          	
03/A7:          	; CHECK BLOCK
03/A7: 880A     	LOAD	C,[FNEXT]
03/A8: 304A     	LOADI	A,ERROR3
03/A9: 3407     	LOADI	B,WORK_B
03/AA: A480     	STORE	[DBANK],B
03/AB: 8400     	LOAD	B,[0]
03/AC: 7402     	SUBI	B,0X02
03/AD: F717     	BRNZ	9F
03/AE: 8401     	LOAD	B,[1]
03/AF: 7481     	SUBI	B,0X81
03/B0: F714     	BRNZ	9F
03/B2:          	
03/B1:          	; GRAB BANK #
03/B1: 8002     	LOAD	A,[2]
03/B2: 3403     	LOADI	B,BTAB_B
03/B3: 4000     	SHIFTL	A
03/B4: F101     	BRNC	3F
03/B5: 5401     	ADDI	B,1
03/B6: C100     3:	SHIFTR	A
03/B7: A480     	STORE	[DBANK],B
03/B8: B800     	STOREF	[A],C
03/BA:          	
03/B9:          	; MARK AS ALLOCATED
03/B9: 5402     	ADDI	B,2
03/BA: A480     	STORE	[DBANK],B
03/BB: 34FF     	LOADI	B,0XFF
03/BC: B400     	STOREF	[A],B
03/BE:          	
03/BD:          	; INCREMENT BLOCK COUNTER
03/BD: 5801     	ADDI	C,1
03/BE: F1E1     	BRNC	2B
03/BF: 30FF     	LOADI	A,0XFF
03/C0: A00B     	STORE	[ISFULL],A
03/C2:          	
03/C1:          	; DONE READING, LETS OPEN A BLOCK
03/C1: 3001     4:	LOADI	A,1
03/C2: 3404     	LOADI	B,BIO_B
03/C3: 3880     	LOADI	C,BREAD
03/C4: FF3D     	JUMP	INDIR
03/C6:          	
03/C5:          	; ERROR OUT!
03/C5: 3401     9:	LOADI	B,CORE0_B
03/C6: B701     	STOREF	[D+1],B
03/C7: 3401     	LOADI	B,STR0_B
03/C8: A46C     	STORE	[ARG_BNK],B
03/C9: 3404     	LOADI	B,S_PUTS
03/CA: 38BC     	LOADI	C,EXIT
03/CB: FF38     	JUMP	SYSCALL
03/CD:          	
03/CC:          	; BANK IS DONE, MOVE ON TO THE NEXT
03/CC:          BI	= BI+1
03/CC:          .TEXT
03/CC:          .BANK	BI
04/80:          BIO_B	= BI
04/80:          
04/80:          	; READS IN A BANK
04/80:          	; IF THAT BANK DOESN'T EXIST, CLEAR OUT THE BUFFER
04/80:          	; DIRTY FLAG IS ALSO RESET
04/80:          	; A = BANK TO READ IN
04/80:          	; USES: A, B, C
04/80: 7C02     BREAD:	SUBI	D,2
04/81: FFFF     	JUMP	@
04/83:          	
04/82:          	; RESET DIRTY FLAG
04/82: 3400     	LOADI	B,0
04/83: A408     	STORE	[DIRTY],B
04/85:          
04/84:          	; SAVE BANK
04/84: A00D     	STORE	[TEMP],A
04/86:          
04/85:          	; GRAB BANK #
04/85: 3405     	LOADI	B,ALLOC_B
04/86: 4000     	SHIFTL	A
04/87: F101     	BRNC	3F
04/88: 5401     	ADDI	B,1
04/89: C100     3:	SHIFTR	A
04/8A: A480     	STORE	[DBANK],B
04/8B: 9800     	LOADF	C,[A]
04/8D:          	
04/8C:          	; CHECK IF IT'S BEEN ALLOCATED
04/8C: 5800     	ADDI	C,0
04/8D: F60F     	BRZ	0F
04/8F:          	
04/8E:          	; YEP, LETS READ IT INTO MEMORY
04/8E: 7402     	SUBI	B,2
04/8F: A480     	STORE	[DBANK],B
04/90: 9000     	LOADF	A,[A]
04/91: 3800     	LOADI	C,0
04/92: A880     	STORE	[DBANK],C
04/93: A007     	STORE	[CBLOCK],A
04/94: 3804     	LOADI	C,BI
04/95: BB01     	STOREF	[D+1],C
04/96: 3807     	LOADI	C,WORK_B
04/97: A86C     	STORE	[ARG_BNK],C
04/98: 3408     	LOADI	B,S_READ 
04/99: 389B     	LOADI	C,@+2
04/9A: FF69     	JUMP	SYSCALL
04/9B: 5000     	ADDI	A,0
04/9C: F62E     	BRZ	8F
04/9E:          	
04/9D:          	; CLEAR BUFFER
04/9D: 3400     0:	LOADI	B,0
04/9E: A480     	STORE	[DBANK],B
04/9F: 800D     	LOAD	A,[TEMP]
04/A0: 3407     	LOADI	B,WORK_B
04/A1: A480     	STORE	[DBANK],B
04/A2: A002     	STORE	[2],A
04/A3: 3002     	LOADI	A,0X02
04/A4: A000     	STORE	[0],A
04/A5: 3081     	LOADI	A,0X81
04/A6: A001     	STORE	[1],A
04/A7: 3003     	LOADI	A,0X03
04/A8: 34FF     	LOADI	B,0XFF
04/A9: B400     1:	STOREF	[A],B
04/AA: 5001     	ADDI	A,1
04/AB: F5FD     	BRNN	1B
04/AD:          	
04/AC: 3408     	LOADI	B,WORK_B+1
04/AD: A480     	STORE	[DBANK],B
04/AE: 3000     	LOADI	A,0
04/AF: 3800     	LOADI	C,0
04/B0: B800     2:	STOREF	[A],C
04/B1: 5001     	ADDI	A,1
04/B2: F5FD     	BRNN	2B
04/B4:          	
04/B3: 3409     	LOADI	B,WORK_B+2
04/B4: A480     	STORE	[DBANK],B
04/B5: 3000     	LOADI	A,0
04/B6: 3820     	LOADI	C,0X20
04/B7: B800     3:	STOREF	[A],C
04/B8: 5001     	ADDI	A,1
04/B9: F5FD     	BRNN	3B
04/BB:          	
04/BA: 340A     	LOADI	B,WORK_B+3
04/BB: A480     	STORE	[DBANK],B
04/BC: 3000     	LOADI	A,0
04/BD: B800     4:	STOREF	[A],C
04/BE: 5001     	ADDI	A,1
04/BF: F5FD     	BRNN	4B
04/C1:          	
04/C0:          	; CHECK IF THERE IS SPACE
04/C0: 840B     	LOAD	B,[ISFULL]
04/C1: 303B     	LOADI	A,ERROR2
04/C2: 5400     	ADDI	B,0
04/C3: F709     	BRNZ	9F
04/C5:          	
04/C4:          	; THERE IS SPACE, INCREMENT FNEXT
04/C4: 800A     	LOAD	A,[FNEXT]
04/C5: A007     	STORE	[CBLOCK],A
04/C6: 5001     	ADDI	A,1
04/C7: A00A     	STORE	[FNEXT],A
04/C8: F702     	BRNZ	8F
04/C9: 30FF     	LOADI	A,0XFF
04/CA: A00B     	STORE	[ISFULL],A
04/CC:          
04/CB:          	; RESTORE STACK AND RETURN
04/CB: 5C02     8:	ADDI	D,2
04/CC: FF36     	JUMP	IRET
04/CE:          
04/CD:          	; ERROR OUT!
04/CD: 3400     9:	LOADI	B,0
04/CE: A480     	STORE	[DBANK],B
04/CF: 3401     	LOADI	B,CORE0_B
04/D0: B701     	STOREF	[D+1],B
04/D1: 3401     	LOADI	B,STR0_B
04/D2: A46C     	STORE	[ARG_BNK],B
04/D3: 3404     	LOADI	B,S_PUTS
04/D4: 38BC     	LOADI	C,EXIT
04/D5: FF2E     	JUMP	SYSCALL
04/D7:          
04/D6:          .DATA
04/00:          .BANK	BD
01/00:          STR0_B	= BD
01/00:          
01/00:          	; ERROR MESSAGES
01/00: 494E5641
       4C494420
       41524755
       4D454E54
       530A0D   .DEFL BYTE ERROR0	"INVALID ARGUMENTS",0X0A,0X0D,
01/13: 55534147
       453A2044
       45425547
       2046494C
       450A0D00 			"USAGE: DEBUG FILE",0X0A,0X0D,0
01/27: 43414E27
       54204352
       45415445
       2046494C
       450A0D00 .DEFL BYTE ERROR1	"CAN'T CREATE FILE",0X0A,0X0D,0
01/3B: 4F555420
       4F462053
       50414345
       0A0D00   .DEFL BYTE ERROR2	"OUT OF SPACE",0X0A,0X0D,0
01/4A: 42414420
       5245434F
       5244     .DEFL BYTE ERROR3	"BAD RECORD"
01/54: 0A0D00   .DEFL BYTE CRLF		0X0A,0X0D,0
01/57:          
01/57: 0A0D3F   .DEFL BYTE ST_ERR	0X0A,0X0D,"?"
01/5A: 0A0D2A00 .DEFL BYTE ST_PRM	0X0A,0X0D,"*",0
01/5E:          
01/5E:          	; ZERO BANK STUFF
01/5E:          .BANK	0
00/00:          .BSS
00/00:          
00/00:          	; COMMAND LINE ARGUMENTS
00/00: 00       .DEFL BYTE ARGC		0
00/01: 0000     .DEFL BYTE ARGV		0,0
00/03:          
00/03:          	; PARSE STATE
00/03: 00       .DEFL BYTE POINTER	0
00/04: 00       .DEFL BYTE STATE	0
00/05: 0000     .DEFL BYTE VALUE	0,0
00/07:          
00/07:          	; BLOCK EDIT STATE
00/07: 00       .DEFL BYTE CBLOCK	0
00/08: 00       .DEFL BYTE DIRTY	0
00/09: 00       .DEFL BYTE ADDRESS	0
00/0A: 00       .DEFL BYTE FNEXT	0
00/0B: 00       .DEFL BYTE ISFULL	0
00/0C:          
00/0C:          	; STACK PARKING SPACE
00/0C: 00       .DEFL BYTE SPARK	0
00/0D:          
00/0D:          	; TEMPORARY VALUE
00/0D: 00       .DEFL BYTE TEMP		0
00/0E:          
00/0E:          BD	= BD+1
00/0E:          .DATA
00/0E:          .BANK	BD
02/00:          BUF_B	= BD
02/00:          
02/00:          	; GENERAL PURPOSE BUFFER
02/00:          	
02/00:          BD	= BD+1
02/00:          .DATA
02/00:          .BANK	BD
03/00:          BTAB_B	= BD
03/00:          BD	= BD+1
03/00:          
03/00:          	; BLOCK ADDRESS TABLE
03/00:          	; TURNS A LOGIC SAV BLOCK INTO A PHYSICAL FILE BLOCK
03/00:          
03/00:          BD	= BD+1
03/00:          .DATA
03/00:          .BANK	BD
05/00:          ALLOC_B	= BD
05/00:          BD	= BD+1
05/00:          
05/00:          	; BLOCK ALLOCATION TABLE
05/00:          	; MARKS IF A LOGICAL SAV BLOCK HAS BEEN ALLOCATED YET
05/00:          	
05/00:          BD	= BD+1
05/00:          .DATA
05/00:          .BANK	BD
07/00:          WORK_B	= BD
07/00:          BD	= BD+3
07/00:          
07/00:          	; WORK BANK
07/00:          	; WORK_B + 0 = RECORD HEADER
07/00:          	; WORK_B + 1 = DATA SEGMENT
07/00:          	; WORK_B + 2 = ISR SEGMENT 128-191
