00/00:          ; DOSDEF.S
01/80:          ; THIS FILE CONTAINS IMPORTANT DEFINES USED IN DOS/281
01/80:          
01/80:          ; BIOS CALLS
01/80:          REBOOT	= 0
01/80:          AREBOOT = 1
01/80:          INDIR	= 2
01/80:          IRET	= 3
01/80:          SYSCALL	= 4
01/80:          SYSJUMP	= 5
01/80:          PRGM	= 6
01/80:          IWRITE	= 7
01/80:          ZSTART	= 8
01/80:          
01/80:          HALT	= 0X7F
01/80:          
01/80:          ; SYSTEM CALLS
01/80:          S_EXIT	= 0
01/80:          S_PUTC	= 1
01/80:          S_GETC	= 2
01/80:          S_STAT	= 3
01/80:          S_PUTS	= 4
01/80:          S_INPUT	= 5
01/80:          S_OPEN	= 6
01/80:          S_CLOSE	= 7
01/80:          S_READ	= 8
01/80:          S_WRITE	= 9
01/80:          S_FSRCH	= 10
01/80:          S_NEXT	= 11
01/80:          S_DELET	= 12
01/80:          S_CREAT	= 13
01/80:          S_FREE	= 14
01/80:          S_EXEC	= 15
01/80:          
01/80:          ; MEMORY AREAS
01/80:          CF_NAME	= 0X60
01/80:          CF_SIZE	= 0X68
01/80:          CF_USR	= 0X6A
01/80:          DFT_USR	= 0X6B
01/80:          ARG_BNK	= 0X6C
01/80:          BD_FREE	= 0X6E
01/80:          MAX_IB	= 0X70
01/80:          MAX_DB	= 0X71
01/80:          CMDL_B	= 0X72
01/80:          AUTO_B	= 0X73
01/80:          KERNMEM	= 0X78
01/80:          BIOSMEM	= 0X7C
01/80:          
01/80:          ; DATA BANK ADDRESS
01/80:          DBANK	= 0X80		
01/80:          
01/80:          ; ED0.S
01/80:          ; SIMPLE TEXT EDITOR
01/80:          ; USER INTERFACE AND MEMORY MANAGEMENT
01/80:          
01/80:          ; BANK ALLOCATION STUFF
01/80:          BI	= 1
01/80:          BD	= 1
01/80:          
01/80:          .TEXT
01/80:          .BANK	BI
01/80:          CORE0_B	= BI
01/80:          
01/80:          	; START BY PROCESSING THE ARGUMENTS
01/80: 3000     START:	LOADI	A,0
01/81: A080     	STORE	[DBANK],A
01/83:          	
01/82:          	; SET UP STACK
01/82: 3C5E     	LOADI	D,0X60-2
01/84:          	
01/83:          	; SYSCALL RETURN BANK
01/83: 3801     	LOADI	C,BI
01/84: BB01     	STOREF	[D+1],C
01/86:          	
01/85:          	; SAVE STACK
01/85: AC0C     	STORE	[SPARK],D
01/87:          	
01/86:          	; GO TO ARGUMENT BANK
01/86: 8072     	LOAD	A,[CMDL_B]
01/87: A06C     	STORE	[ARG_BNK],A
01/88: A080     	STORE	[DBANK],A
01/8A:          	
01/89:          	; SET UP POINTER
01/89: 3800     	LOADI	C,0
01/8B:          	
01/8A:          	; SKIP THE INITIAL COMMAND
01/8A: 9200     0:	LOADF	A,[C]
01/8B: 3420     	LOADI	B,0X20
01/8C: D100     	CMP	A,B
01/8D: F902     	BRBE	1F
01/8E: 5801     	ADDI	C,1
01/8F: FFFA     	JUMP	0B
01/91:          
01/90:          	; LOOK FOR THE FIRST ARGUMENT
01/90: 9200     1:	LOADF	A,[C]
01/91: 5000     	ADDI	A,0
01/92: F604     	BRZ	2F
01/93: D100     	CMP	A,B
01/94: F809     	BRA	OPENARG
01/95: 5801     	ADDI	C,1
01/96: FFF9     	JUMP	1B
01/98:          	
01/97:          	; NO ARGUMENT, EMPTY BUFFER
01/97: 3000     2:	LOADI	A,0
01/98: A080     	STORE	[DBANK],A
01/9A:          	
01/99:          	; INIT MEMORY
01/99: 38B9     	LOADI	C,9F
01/9A: BB00     	STOREF	[D],C
01/9B: 3402     	LOADI	B,MEM0_B
01/9C: 3880     	LOADI	C,MINIT
01/9D: FF64     	JUMP	INDIR
01/9F:          	
01/9E:          	; JUMP TO COMMAND LINE
01/9E:          
01/9E:          	
01/9E:          	; THERE IS AN ARG, TRY AND OPEN IT
01/9E: 3C18     OPENARG:LOADI	D,FNAME
01/9F: 9200     0:	LOADF	A,[C]
01/A0: 3400     	LOADI	B,0
01/A1: A480     	STORE	[DBANK],B
01/A2: B300     	STOREF	[D],A
01/A3: 7020     	SUBI	A,0X20
01/A4: F908     	BRBE	1F
01/A5: 5801     	ADDI	C,1
01/A6: 5C01     	ADDI	D,1
01/A7: 3427     	LOADI	B,FNAME+15
01/A8: DD00     	CMP	D,B
01/A9: F003     	BRAE	1F
01/AA: 8472     	LOAD	B,[CMDL_B]
01/AB: A480     	STORE	[DBANK],B
01/AC: FFF2     	JUMP	0B
01/AE:          	
01/AD:          	; TERMINATE STRING AND OPEN FILE
01/AD: 3000     1:	LOADI	A,0
01/AE: B300     	STOREF	[D],A
01/AF: 8C0C     	LOAD	D,[SPARK]
01/B1:          	
01/B0:          	; OPEN THE FILE
01/B0: 38B5     	LOADI	C,@+5
01/B1: BB00     	STOREF	[D],C
01/B2: 3403     	LOADI	B,FIO0_B
01/B3: 3880     	LOADI	C,FREAD
01/B4: FF4D     	JUMP	INDIR
01/B6:          
01/B5:          	; CHECK ERROR STATUS
01/B5: 5000     	ADDI	A,0
01/B6: 3405     	LOADI	B,CMD0_B
01/B7: 3880     	LOADI	C,ERROR
01/B8: F749     	BRNZ	INDIR
01/BA:          
01/B9:          	; MEMORY SETUP IS DONE
01/B9:          	; SEND UP THE COMMAND PROMPT
01/B9: 3405     9:	LOADI	B,CMD0_B
01/BA: 3882     	LOADI	C,PROMPT
01/BB: FF46     	JUMP	INDIR
01/BD:          
01/BC:          	; EXIT PROGRAM
01/BC: 3400     DONE:	LOADI	B,S_EXIT
01/BD: FF47     	JUMP	SYSJUMP
01/BF:          
01/BE:          	; BANK IS DONE, MOVE ON TO THE NEXT
01/BE:          BI	= BI+1
01/BE:          .TEXT
01/BE:          .BANK	BI
02/80:          MEM0_B	= BI
02/80:          
02/80:          	; MEMORY INIT
02/80:          	; DIVIDE THE HEAP INTO BLOCKS OF 32 BYTES, AND ADD IT
02/80:          	; TO THE FREE TABLE
02/80:          	; ALSO RESET THE LINE TABLE
02/80:          	; USES: A, B, C
02/80: 3806     MINIT:	LOADI	C,HEAP
02/81: 8471     	LOAD	B,[MAX_DB]
02/83:          	
02/82:          	; SET THE START OF THE FREE BLOCK LIST
02/82:          	; AND RESET LINE TABLE
02/82: 3000     	LOADI	A,0
02/83: A80D     	STORE	[FREETAB],C
02/84: A00E     	STORE	[FREETAB+1],A
02/85: A00F     	STORE	[LINETAB],A
02/87:          	
02/86:          	; MOVE TO BANK
02/86: A880     0:	STORE	[DBANK],C
02/87: 3020     	LOADI	A,32
02/89:          	
02/88:          	; WRITE FIRST 3 HEADERS
02/88: B0E1     1:	STOREF	[A+1-32],A
02/89: B8E0     	STOREF	[A+0-32],C
02/8A: 5020     	ADDI	A,32
02/8B: F5FC     	BRNN	1B
02/8D:          	
02/8C:          	; WRITE 4TH HEADER
02/8C: 3000     2:	LOADI	A,0
02/8D: A061     	STORE	[32*3+1],A
02/8E: 5801     	ADDI	C,1
02/8F: D900     	CMP	C,B
02/90: F802     	BRA	3F
02/91: A860     	STORE	[32*3],C
02/92: FFF3     	JUMP	0B
02/94:          	
02/93:          	; STORE BANK ZERO TO INDICATE END OF LIST
02/93: A060     3:	STORE	[32*3],A
02/94: A080     	STORE	[DBANK],A
02/96:          	
02/95:          	; CALCULATE NUMBER OF FREE BLOCKS
02/95: 3805     	LOADI	C,HEAP-1
02/96: 6600     	SUB	B,C
02/97: 4500     	SHIFTL	B
02/98: F101     	BRNC	4F
02/99: 5001     	ADDI	A,1
02/9A: 4500     4:	SHIFTL	B
02/9B: F102     	BRNC	5F
02/9C: 4000     	SHIFTL	A
02/9D: 5001     	ADDI	A,1
02/9F:          
02/9E: A02A     5:	STORE	[NUMFREE],A
02/9F: A42B     	STORE	[NUMFREE+1],B
02/A1:          	
02/A0: FF62     	JUMP	IRET
02/A2:          	
02/A1:          	
02/A1:          	; ALLOCATE A BLOCK OF MEMORY
02/A1:          	; BLOCK WILL BE LINKED ONTO THE CURRENT BLOCK IN [CBLOCK]
02/A1:          	; THEN IT WILL BE RETURN IN [CBLOCK]
02/A1:          	; RETURNS A = 0XFF OUT OF BLOCKS, A = 0X00 OTHERWISE
02/A1:          	; USES: A, B, C
02/A1: AC0C     MALLOC:	STORE	[SPARK],D
02/A2: 840D     	LOAD	B,[FREETAB]
02/A4:          	
02/A3:          	; MAKE SURE THE NEXT BLOCK ISN'T NULL
02/A3: 5400     	ADDI	B,0
02/A4: 30FF     	LOADI	A,0XFF
02/A5: F65D     	BRZ	IRET
02/A7:          	
02/A6:          	; STORE THE BLOCK ADDRESS IN LBLOCK
02/A6: 880E     	LOAD	C,[FREETAB+1]
02/A7: A402     	STORE	[LBLOCK],B
02/A8: A803     	STORE	[LBLOCK+1],C
02/AA:          	
02/A9:          	; MOVE THE NEXT BLOCK INTO FREETAB POINTER
02/A9: A480     	STORE	[DBANK],B
02/AA: 9200     	LOADF	A,[C]
02/AB: 9601     	LOADF	B,[C+1]
02/AC: 3C00     	LOADI	D,0
02/AD: BE00     	STOREF	[C],D
02/AE: BE01     	STOREF	[C+1],D
02/AF: AC80     	STORE	[DBANK],D
02/B0: A00D     	STORE	[FREETAB],A
02/B1: A40E     	STORE	[FREETAB+1],B
02/B3:          	
02/B2:          	; RETURN TO USER BANK
02/B2: 3000     	LOADI	A,0
02/B3: A080     	STORE	[DBANK],A
02/B5:          	
02/B4:          	; SET THE MEMORY BLOCK POINTER
02/B4: 8003     	LOAD	A,[LBLOCK+1]
02/B5: 5003     	ADDI	A,3
02/B6: A007     	STORE	[MB_PNTR],A
02/B7: 501D     	ADDI	A,32-3
02/B8: A008     	STORE	[MB_END],A
02/B9: 3000     	LOADI	A,0
02/BA: A00B     	STORE	[LINES],A
02/BC:          	
02/BB:          	; DECREMENT NUMFREE
02/BB: 802B     	LOAD	A,[NUMFREE+1]
02/BC: 7001     	SUBI	A,1
02/BD: A02B     	STORE	[NUMFREE+1],A
02/BE: F003     	BRC	0F
02/BF: 802A     	LOAD	A,[NUMFREE]
02/C0: 7001     	SUBI	A,1
02/C1: A02A     	STORE	[NUMFREE],A
02/C3:          	
02/C2:          	; RESTORE STACK AND LINK
02/C2: 8C0C     0:	LOAD	D,[SPARK]
02/C4:          	
02/C3:          	
02/C3:          	; LINK THE BLOCK IN LBLOCK ONTO CBLOCK
02/C3:          	; THE NEXT BLOCK OF CBLOCK WILL BECOME
02/C3:          	; THE NEXT BLOCK OF LBLOCK
02/C3:          	; AFTER THAT, CBLOCK WILL BECOME LBLOCK
02/C3:          	; RETURNS A = 0X00
02/C3:          	; USES: A, B, C
02/C3: AC0C     LINK:	STORE	[SPARK],D
02/C5:          	
02/C4:          	; GET ADDRESS OF CBLOCK AND LBLOCK
02/C4: 8000     	LOAD	A,[CBLOCK]
02/C5: 8401     	LOAD	B,[CBLOCK+1]
02/C6: 8802     	LOAD	C,[LBLOCK]
02/C7: 8C03     	LOAD	D,[LBLOCK+1]
02/C9:          	
02/C8:          	; GRAB THE NEXT ADDRESS OF CBLOCK AND SET IT IN LBLOCK
02/C8: A080     	STORE	[DBANK],A
02/C9: 9100     	LOADF	A,[B]
02/CA: 9501     	LOADF	B,[B+1]
02/CB: A880     	STORE	[DBANK],C
02/CC: B300     	STOREF	[D],A
02/CD: B701     	STOREF	[D+1],B
02/CE: 3000     	LOADI	A,0
02/CF: A080     	STORE	[DBANK],A
02/D1:          	
02/D0:          	; RE-GRAB ADDRESS OF CBLOCK
02/D0: 8000     	LOAD	A,[CBLOCK]
02/D1: 8401     	LOAD	B,[CBLOCK+1]
02/D3:          	
02/D2:          	; SET CBLOCK NEXT TO LBLOCK
02/D2: A080     	STORE	[DBANK],A
02/D3: B900     	STOREF	[B],C
02/D4: BD01     	STOREF	[B+1],D
02/D6:          	
02/D5:          	; SET CBLOCK TO LBLOCK
02/D5: 3000     	LOADI	A,0
02/D6: A080     	STORE	[DBANK],A
02/D7: 8002     	LOAD	A,[LBLOCK]
02/D8: 8403     	LOAD	B,[LBLOCK+1]
02/D9: A000     	STORE	[CBLOCK],A
02/DA: A401     	STORE	[CBLOCK+1],B
02/DC:          	
02/DB:          	; DONE, RESTORE STACK AND RETURN
02/DB: 3000     	LOADI	A,0
02/DC: 8C0C     	LOAD	D,[SPARK]
02/DD: FF25     	JUMP	IRET
02/DF:          	
02/DE:          	; PLACES THE BLOCK IN [CBLOCK] ONTO THE FREE
02/DE:          	; TABLE
02/DE:          	; USES: A, B, C
02/DE: AC0C     FREE:	STORE	[SPARK],D
02/E0:          
02/DF:          	; GRAB ADDRESSES OF THE FREETAB AND CBLOCK
02/DF: 8000     	LOAD	A,[CBLOCK]
02/E0: 8401     	LOAD	B,[CBLOCK+1]
02/E1: 880D     	LOAD	C,[FREETAB]
02/E2: 8C0E     	LOAD	D,[FREETAB+1]
02/E4:          	
02/E3:          	; LINK REST OF FREETAB AFTER CBLOCK
02/E3: A080     	STORE	[DBANK],A
02/E4: B900     	STOREF	[B],C
02/E5: BD01     	STOREF	[B+1],D
02/E7:          	
02/E6:          	; SET CBLOCK AS BEGINNING OF FREE TABLE
02/E6: 3800     	LOADI	C,0
02/E7: A880     	STORE	[DBANK],C
02/E8: A00D     	STORE	[FREETAB],A
02/E9: A40E     	STORE	[FREETAB+1],B
02/EB:          	
02/EA:          	; INCREMENT NUMFREE
02/EA: 802B     	LOAD	A,[NUMFREE+1]
02/EB: 5001     	ADDI	A,1
02/EC: A02B     	STORE	[NUMFREE+1],A
02/ED: F103     	BRNC	0F
02/EE: 802A     	LOAD	A,[NUMFREE]
02/EF: 5001     	ADDI	A,1
02/F0: A02A     	STORE	[NUMFREE],A
02/F2:          	
02/F1:          	; RESTORE STACK AND RETURN
02/F1: 8C0C     0:	LOAD	D,[SPARK]
02/F2: FF10     	JUMP	IRET
02/F4:          	
02/F3:          	; GETS THE NEXT BLOCK AFTER CBLOCK
02/F3:          	; RETURNS A=0X00 IF NEXT, 0XFF OTHERWISE
02/F3:          	; USES: A, B, C
02/F3:          ;NEXT:	LOAD	B,[CBLOCK]
02/F3:          ;	LOAD	C,[CBLOCK+1]
02/F3:          ;	LOADI	A,0XFF
02/F3:          ;	ADDI	B,0
02/F3:          ;	BRZ	IRET
02/F3:          ;	STORE	[DBANK],B
02/F3:          ;	LOADF	B,[C]
02/F3:          ;	LOADF	C,[C+1]
02/F3:          ;	LOADI	A,0
02/F3:          ;	STORE	[DBANK],A
02/F3:          ;	LOADI	A,0XFF
02/F3:          ;	ADDI	B,0
02/F3:          ;	BRZ	IRET
02/F3:          ;	STORE	[CBLOCK],B
02/F3:          ;	STORE	[CBLOCK+1],C
02/F3:          ;	LOADI	A,0
02/F3:          ;	JUMP	IRET
02/F3:          	
02/F3:          	
02/F3:          	; BANK IS DONE, MOVE ON TO THE NEXT
02/F3:          BI	= BI+1
02/F3:          .TEXT
02/F3:          .BANK	BI
03/80:          FIO0_B	= BI
03/80:          	
03/80:          	; READS A FILE INTO THE BUFFER
03/80:          	; [FNAME] = FILE TO OPEN
03/80:          	; RETURNS A = 0XFF IF ERROR, A = 0X00 RETURN OTHERWISE
03/80:          	; USES: A, B, C
03/80: 7C02     FREAD:	SUBI	D,2
03/82:          
03/81:          	; SET FIRST FLAG
03/81: 380A     	LOADI	C,0X0A
03/82: A809     	STORE	[FIRST],C
03/84:          	
03/83:          	; SET OPEN TARGET
03/83: 3000     	LOADI	A,0
03/84: A06C     	STORE	[ARG_BNK],A
03/85: 3018     	LOADI	A,FNAME
03/87:          	
03/86:          	; ATTEMPT TO OPEN FILE
03/86: 3803     	LOADI	C,BI
03/87: BB01     	STOREF	[D+1],C
03/88: 3406     	LOADI	B,S_OPEN
03/89: 388B     	LOADI	C,@+2
03/8A: FF79     	JUMP	SYSCALL
03/8C:          	
03/8B:          	; CHECK RESULT OF OPERATION
03/8B: 5000     	ADDI	A,0
03/8C: F712     	BRNZ	9F
03/8E:          	
03/8D:          	; RE-INITALIZE MEMORY
03/8D: 3892     	LOADI	C,@+5
03/8E: BB00     	STOREF	[D],C
03/8F: 3402     	LOADI	B,MEM0_B
03/90: 3880     	LOADI	C,MINIT
03/91: FF70     	JUMP	INDIR
03/93:          	
03/92:          	; MALLOC FIRST BLOCK
03/92: 3000     	LOADI	A,0
03/93: A000     	STORE	[CBLOCK],A
03/94: A00F     	STORE	[LINETAB],A
03/95: A010     	STORE	[LINETAB+1],A
03/96: 300F     	LOADI	A,LINETAB
03/97: A001     	STORE	[CBLOCK+1],A
03/99:          	
03/98:          	; SET RETURN TO FREADA
03/98: 3880     	LOADI	C,FREADA
03/99: BB00     	STOREF	[D],C
03/9A: 3804     	LOADI	C,FIO1_B
03/9B: BB01     	STOREF	[D+1],C
03/9C: 3402     	LOADI	B,MEM0_B
03/9D: 38A1     	LOADI	C,MALLOC
03/9E: FF63     	JUMP	INDIR
03/A0:          
03/9F:          	; RESTORE STACK AND RETURN
03/9F: 5C02     9:	ADDI	D,2
03/A0: FF62     	JUMP	IRET
03/A2:          
03/A1:          
03/A1:          	; BANK IS DONE, MOVE ON TO THE NEXT
03/A1:          BI	= BI+1
03/A1:          .TEXT
03/A1:          .BANK	BI
04/80:          FIO1_B	= BI
04/80:          
04/80:          	; CONTINUED FREAD CODE
04/80:          	; RESET BLOCK READ IN STATE
04/80: 3002     FREADA:	LOADI	A,BUF_B
04/81: A06C     	STORE	[ARG_BNK],A
04/82: 3000     	LOADI	A,0
04/84:          	
04/83:          	; READ THE BLOCK
04/83: 3804     	LOADI	C,BI
04/84: BB01     	STOREF	[D+1],C
04/85: A004     0:	STORE	[BLOCK],A
04/86: 3408     	LOADI	B,S_READ
04/87: 3889     	LOADI	C,@+2
04/88: FF7B     	JUMP	SYSCALL
04/8A:          
04/89:          	; DID IT WORK?
04/89: 5000     	ADDI	A,0
04/8A: F74B     	BRNZ	0F
04/8C:          	
04/8B:          	; RESET THE BLOCK READ STATE
04/8B: 3002     	LOADI	A,BUF_B
04/8C: A005     	STORE	[BANK],A
04/8D: 3400     	LOADI	B,0
04/8F:          	
04/8E:          	; CHECK FIRST FLAG
04/8E: 8809     	LOAD	C,[FIRST]
04/8F: A409     	STORE	[FIRST],B
04/90: 7401     	SUBI	B,1
04/91: 5800     	ADDI	C,0
04/92: F706     	BRNZ	2F
04/94:          	
04/93:          	; SET POINTER TO ZERO
04/93: 5401     	ADDI	B,1
04/95:          	
04/94:          	; READ CHARACTER FROM BLOCK
04/94: A005     1:	STORE	[BANK],A
04/95: A080     	STORE	[DBANK],A
04/96: 9900     	LOADF	C,[B]
04/97: 3000     	LOADI	A,0
04/98: A080     	STORE	[DBANK],A
04/9A:          	
04/99:          	; PROCESS CHARACTER
04/99:          	; C = CHARACTER
04/99: A406     2:	STORE	[POINTER],B
04/9A: 3420     	LOADI	B,0X20
04/9B: D900     	CMP	C,B
04/9C: F104     	BRB	3F
04/9D: 3480     	LOADI	B,0X80
04/9E: D900     	CMP	C,B
04/9F: F10A     	BRB	6F
04/A0: FF29     	JUMP	8F
04/A2:          	
04/A1:          	; CONTROL CHARACTERS
04/A1: 3409     3:	LOADI	B,0X09	; TAB CHARACTER
04/A2: D900     	CMP	C,B
04/A3: F606     	BRZ	6F
04/A4: 5800     	ADDI	C,0	; NULL CHARACTER
04/A5: F630     	BRZ	0F
04/A6: 340A     	LOADI	B,0X0A	; NEW LINE CHARACTER
04/A7: D900     	CMP	C,B
04/A8: F721     	BRNZ	8F
04/A9: 3800     	LOADI	C,0
04/AB:          	
04/AA:          	; STORE VALUE IN MEMORY BLOCK
04/AA: 8007     6:	LOAD	A,[MB_PNTR]
04/AB: 8408     	LOAD	B,[MB_END]
04/AC: D100     	CMP	A,B
04/AD: 8400     	LOAD	B,[CBLOCK]
04/AE: F60C     	BRZ	7F
04/AF: A480     	STORE	[DBANK],B
04/B0: B800     	STOREF	[A],C
04/B1: 3400     	LOADI	B,0
04/B2: A480     	STORE	[DBANK],B
04/B3: 5800     	ADDI	C,0
04/B4: F703     	BRNZ	FREADNX		; NOT A NEXT LINE
04/B5: 840B     	LOAD	B,[LINES]	; INCREMENT LINE
04/B6: 5401     	ADDI	B,1
04/B7: A40B     	STORE	[LINES],B
04/B8: 5001     FREADNX:ADDI	A,1
04/B9: A007     	STORE	[MB_PNTR],A
04/BA: FF0F     	JUMP	8F
04/BC:          
04/BB:          	; FINISH BLOCK
04/BB: A80A     7:	STORE	[CHAR],C
04/BC: 8001     	LOAD	A,[CBLOCK+1]
04/BD: 880B     	LOAD	C,[LINES]
04/BE: A480     	STORE	[DBANK],B
04/BF: B802     	STOREF	[A+2],C
04/C0: 3400     	LOADI	B,0
04/C1: A480     	STORE	[DBANK],B
04/C2: A40B     	STORE	[LINES],B
04/C4:          
04/C3:          	; ALLOC ANOTHER BLOCK
04/C3: 38C8     	LOADI	C,@+5
04/C4: BB00     	STOREF	[D],C
04/C5: 3402     	LOADI	B,MEM0_B
04/C6: 38A1     	LOADI	C,MALLOC
04/C7: FF3A     	JUMP	INDIR
04/C9:          	
04/C8:          	; RESTORE CHARACTER
04/C8: 880A     	LOAD	C,[CHAR]
04/C9: FFE0     	JUMP	6B
04/CB:          	
04/CA:          	; INCREMENT BLOCK POINTER
04/CA: 8005     8:	LOAD	A,[BANK]
04/CB: 8406     	LOAD	B,[POINTER]
04/CC: 5401     	ADDI	B,1
04/CD: F5C6     	BRNN	1B
04/CE: 3400     	LOADI	B,0
04/CF: 5001     	ADDI	A,1
04/D0: 3806     	LOADI	C,BUF_B+4 
04/D1: D200     	CMP	A,C
04/D2: F7C1     	BRNZ	1B
04/D3: 8004     	LOAD	A,[BLOCK]
04/D4: 5001     	ADDI	A,1
04/D5: F7AF     	BRNZ	0B
04/D7:          	
04/D6:          	; TERMINATE THE RECORD
04/D6: AC0C     0:	STORE	[SPARK],D
04/D7: 8007     	LOAD	A,[MB_PNTR]
04/D8: 8408     	LOAD	B,[MB_END]
04/D9: 880B     	LOAD	C,[LINES]
04/DA: 8C00     	LOAD	D,[CBLOCK]
04/DB: AC80     	STORE	[DBANK],D
04/DC: D100     	CMP	A,B
04/DD: F602     	BRZ	1F
04/DE: 3CFF     	LOADI	D,0XFF
04/DF: BC00     	STOREF	[A],D
04/E0: B9E2     1:	STOREF	[B+2-32],C
04/E1: 3C00     	LOADI	D,0
04/E2: AC80     	STORE	[DBANK],D
04/E3: 8C0C     	LOAD	D,[SPARK]
04/E5:          	
04/E4:          	; RESTORE STACK AND RETURN
04/E4: 3000     	LOADI	A,0
04/E5: 3400     9:	LOADI	B,0
04/E6: A480     	STORE	[DBANK],B
04/E7: 5C02     	ADDI	D,2
04/E8: FF1A     	JUMP	IRET
04/EA:          	
04/E9:          	; BANK IS DONE, MOVE ON TO THE NEXT
04/E9:          BI	= BI+1
04/E9:          .TEXT
04/E9:          .BANK	BI
05/80:          CMD0_B	= BI
05/80:          
05/80: 3000     ERROR:	LOADI	A,ST_ERR
05/81: FF01     	JUMP	0F
05/83:          
05/82:          	; SEND UP THE COMMAND LINE PROMPT
05/82: 3003     PROMPT:	LOADI	A,ST_PRM
05/83: 3805     0:	LOADI	C,BI
05/84: BB01     	STOREF	[D+1],C
05/85: 3401     	LOADI	B,STR0_B
05/86: A46C     	STORE	[ARG_BNK],B
05/87: 3404     	LOADI	B,S_PUTS
05/88: 388A     	LOADI	C,@+2
05/89: FF7A     	JUMP	SYSCALL
05/8B:          	
05/8A:          	; GET USER INPUT
05/8A: 3402     	LOADI	B,BUF_B
05/8B: A46C     	STORE	[ARG_BNK],B
05/8C: 3405     	LOADI	B,S_INPUT
05/8D: 388F     	LOADI	C,@+2
05/8E: FF75     	JUMP	SYSCALL
05/90:          	
05/8F:          	; BEGIN COMMAND PROCESSING
05/8F: 3000     	LOADI	A,0
05/90: A006     	STORE	[POINTER],A
05/91: A011     	STORE	[STATE],A
05/93:          	
05/92:          	; START PROCESSING A NUMBER (MAYBE?)
05/92: 8012     0:	LOAD	A,[ARGA]
05/93: 8413     	LOAD	B,[ARGA+1]
05/94: A014     	STORE	[ARGB],A
05/95: A415     	STORE	[ARGB+1],B
05/96: 3000     	LOADI	A,0
05/97: A012     	STORE	[ARGA],A
05/98: A013     	STORE	[ARGA+1],A
05/9A:          
05/99:          	; READ A CHARACTER FROM THE COMMAND LINE
05/99: 8006     1:	LOAD	A,[POINTER]
05/9A: 3402     	LOADI	B,BUF_B
05/9B: A480     	STORE	[DBANK],B
05/9C: 9800     	LOADF	C,[A]
05/9D: 3400     	LOADI	B,0
05/9E: A480     	STORE	[DBANK],B
05/9F: 5001     	ADDI	A,1
05/A0: A006     	STORE	[POINTER],A
05/A2:          	
05/A1:          	; CHECK CHARACTER
05/A1: 302C     	LOADI	A,','
05/A2: D800     	CMP	C,A
05/A3: F62A     	BRZ	8F
05/A4: 3030     	LOADI	A,'0'
05/A5: D800     	CMP	C,A
05/A6: F1D9     	BRB	ERROR
05/A7: 3039     	LOADI	A,'9'
05/A8: D800     	CMP	C,A
05/A9: F82B     	BRA	9F
05/AB:          	
05/AA:          	; MAKE SURE STATE ISN'T 0
05/AA: 8011     	LOAD	A,[STATE]
05/AB: 5000     	ADDI	A,0
05/AC: F702     	BRNZ	2F
05/AD: 3001     	LOADI	A,1
05/AE: A011     	STORE	[STATE],A
05/B0:          	
05/AF:          	; MULTIPLY ARG A BY 10
05/AF: A80A     2:	STORE	[CHAR],C
05/B0: 3809     	LOADI	C,9
05/B1: 8012     	LOAD	A,[ARGA]
05/B2: 8413     	LOAD	B,[ARGA+1]
05/B3: A016     	STORE	[TEMP],A
05/B4: A417     	STORE	[TEMP+1],B
05/B5: 8017     3:	LOAD	A,[TEMP+1]
05/B6: 8413     	LOAD	B,[ARGA+1]
05/B7: 4400     	ADD	B,A
05/B8: A413     	STORE	[ARGA+1],B
05/B9: 8016     	LOAD	A,[TEMP]
05/BA: 8412     	LOAD	B,[ARGA]
05/BB: F102     	BRNC	4F
05/BC: 5401     	ADDI	B,1
05/BD: F0C2     	BRC	ERROR 
05/BE: 4400     4:	ADD	B,A
05/BF: F0C0     	BRC	ERROR 
05/C0: A412     	STORE	[ARGA],B
05/C1: 7801     	SUBI	C,1
05/C2: F7F2     	BRNZ	3B
05/C3: 880A     	LOAD	C,[CHAR]
05/C5:          	
05/C4:          	; ADD THE NUMBER
05/C4: 7830     	SUBI	C,'0'
05/C5: 8013     	LOAD	A,[ARGA+1]
05/C6: 4200     	ADD	A,C
05/C7: A013     	STORE	[ARGA+1],A
05/C8: F104     	BRNC	5F
05/C9: 8012     	LOAD	A,[ARGA]
05/CA: 5001     	ADDI	A,1
05/CB: A012     	STORE	[ARGA],A
05/CC: F0B3     	BRC	ERROR 
05/CE:          	
05/CD: FFCB     5:	JUMP	1B
05/CF:          	
05/CE:          	; PROCESS COMMA
05/CE: 8011     8:	LOAD	A,[STATE]
05/CF: 7001     	SUBI	A,1
05/D0: F4AF     	BRN	ERROR
05/D1: F7AE     	BRNZ	ERROR
05/D2: 3002     	LOADI	A,2
05/D3: A011     	STORE	[STATE],A
05/D4: FFBD     	JUMP	0B
05/D6:          
05/D5:          	; PROCESS COMMAND
05/D5: 2200     9:	MOV	A,C
05/D7:          
05/D6:          	; QUIT?
05/D6: 3451     	LOADI	B,'Q'
05/D7: D100     	CMP	A,B
05/D8: 3400     	LOADI	B,S_EXIT
05/D9: F62B     	BRZ	SYSJUMP
05/DB:          	
05/DA:          	; CHANGE FILE?
05/DA: 3446     	LOADI	B,'F'
05/DB: D100     	CMP	A,B
05/DC: 3407     	LOADI	B,UOP0_B
05/DD: 3892     	LOADI	C,SETFILE
05/DE: F623     	BRZ	INDIR
05/E0:          	
05/DF:          	; MAKE SURE COMMAND IS ZERO TERMINATED
05/DF: 8806     	LOAD	C,[POINTER]
05/E0: 3402     	LOADI	B,BUF_B
05/E1: A480     	STORE	[DBANK],B
05/E2: 9A00     	LOADF	C,[C]
05/E3: 3400     	LOADI	B,0
05/E4: A480     	STORE	[DBANK],B
05/E5: 5800     	ADDI	C,0
05/E6: F799     	BRNZ	ERROR
05/E8:          	
05/E7: 3406     	LOADI	B,CMD1_B
05/E8: 3880     	LOADI	C,PROCMD
05/E9: FF18     	JUMP	INDIR
05/EB:          	
05/EA:          	; BANK IS DONE, MOVE ON TO THE NEXT
05/EA:          BI	= BI+1
05/EA:          .TEXT
05/EA:          .BANK	BI
06/80:          CMD1_B	= BI
06/80:          
06/80:          	; PROCESS STANDARD COMMAND
06/80: 3450     PROCMD:	LOADI	B,'P'
06/81: D100     	CMP	A,B
06/82: 3407     	LOADI	B,UOP0_B
06/83: 38BB     	LOADI	C,PRINTL
06/84: F67D     	BRZ	INDIR
06/86:          	
06/85:          	; READ FILE
06/85: 3452     	LOADI	B,'R'
06/86: D100     	CMP	A,B
06/87: 3407     	LOADI	B,UOP0_B
06/88: 388F     	LOADI	C,DOFREAD
06/89: F678     	BRZ	INDIR
06/8B:          	
06/8A:          	; APPEND LINES
06/8A: 3441     	LOADI	B,'A'
06/8B: D100     	CMP	A,B
06/8C: 3407     	LOADI	B,UOP0_B
06/8D: 3886     	LOADI	C,APPEND
06/8E: F673     	BRZ	INDIR
06/90:          	
06/8F:          	; INSERT LINES
06/8F: 3449     	LOADI	B,'I'
06/90: D100     	CMP	A,B
06/91: 3407     	LOADI	B,UOP0_B
06/92: 3889     	LOADI	C,INSERT
06/93: F66E     	BRZ	INDIR
06/95:          	
06/94:          	; DELETE LINES
06/94: 3444     	LOADI	B,'D'
06/95: D100     	CMP	A,B
06/96: 3407     	LOADI	B,UOP0_B
06/97: 388C     	LOADI	C,DELETE
06/98: F669     	BRZ	INDIR
06/9A:          	
06/99:          	; MEMORY COUNT
06/99: 344D     	LOADI	B,'M'
06/9A: D100     	CMP	A,B
06/9B: 3407     	LOADI	B,UOP0_B
06/9C: 3883     	LOADI	C,PFREE
06/9D: F664     	BRZ	INDIR
06/9F:          	
06/9E:          	; LINE COUNT
06/9E: 344C     	LOADI	B,'L'
06/9F: D100     	CMP	A,B
06/A0: 3407     	LOADI	B,UOP0_B
06/A1: 3880     	LOADI	C,PLINES
06/A2: F65F     	BRZ	INDIR
06/A4:          	
06/A3:          	; CAN'T FIND COMMAND
06/A3: 3405     	LOADI	B,CMD0_B
06/A4: 3880     	LOADI	C,ERROR
06/A5: FF5C     	JUMP	INDIR
06/A7:          	
06/A6:          	; GO BACK TO COMMAND LINE
06/A6: 3405     9:	LOADI	B,CMD0_B
06/A7: 3882     	LOADI	C,PROMPT
06/A8: FF59     	JUMP	INDIR
06/AA:          
06/A9:          		; BANK IS DONE, MOVE ON TO THE NEXT
06/A9:          BI	= BI+1
06/A9:          	
06/A9:          	; ZERO BANK
06/A9:          .BANK	0
00/80:          .BSS
00/80:          
00/00:          	; CURRENT BLOCK OF MEMORY TO WORK ON
00/00: 0000     .DEFL BYTE CBLOCK	0,0
00/02:          
00/02:          	; BLOCK TO BE LINKED ONTO THE CURRENT BLOCK
00/02: 0000     .DEFL BYTE LBLOCK	0,0
00/04:          
00/04:          	; MISC CONTEXT INFORMATION
00/04: 00       .DEFL BYTE BLOCK	0
00/05: 00       .DEFL BYTE BANK		0
00/06: 00       .DEFL BYTE POINTER	0
00/07:          
00/07:          	; MEMORY BLOCK PARSE INFORMATION
00/07: 00       .DEFL BYTE MB_PNTR	0
00/08: 00       .DEFL BYTE MB_END	0
00/09:          
00/09:          	; FIRST CHARACTER?
00/09: 00       .DEFL BYTE FIRST	0
00/0A:          
00/0A:          	; CURRENT CHARACTER
00/0A: 00       .DEFL BYTE CHAR		0
00/0B:          
00/0B:          	; LINE COUNT
00/0B: 00       .DEFL BYTE LINES	0
00/0C:          
00/0C:          	; STACK PARKING SPACE
00/0C: 00       .DEFL BYTE SPARK	0
00/0D:          
00/0D:          	; FREE MEMORY TABLE
00/0D: 0000     .DEFL BYTE FREETAB	0,0
00/0F:          
00/0F:          	; LINE EDITOR CONTENT
00/0F: 0000     .DEFL BYTE LINETAB	0,0
00/11:          
00/11:          	; STATE FOR COMMAND PROCESSING
00/11: 00       .DEFL BYTE STATE	0
00/12:          
00/12:          	; LINE NUMBER ARGUMENTS FOR COMMANDS
00/12: 0000     .DEFL BYTE ARGA		0,0
00/14: 0000     .DEFL BYTE ARGB		0,0
00/16: 0000     .DEFL BYTE TEMP		0,0
00/18:          
00/18:          	; CURRENT FILE NAME
00/18: 00000000
       00000000 .DEFL BYTE FNAME	0,0,0,0,0,0,0,0,
00/20: 00000000
       00000000 			0,0,0,0,0,0,0,0
00/28:          
00/28:          	; PREVIOUS BLOCK
00/28:          	; ONLY UPDATED WHEN USING FINDL
00/28: 0000     .DEFL BYTE PBLOCK	0,0
00/2A:          
00/2A:          	; NUMBER OF BLOCKS FREE
00/2A: 0000     .DEFL BYTE NUMFREE	0,0
00/2C:          
00/2C:          	; PADDING FOR DECIMAL NUMBER PRINT
00/2C: 00       .DEFL BYTE PADDING	0
00/2D:          
00/2D:          	; RETURN FOR LEAF FUNCTIONS
00/2D: 00       .DEFL BYTE LEAFRET	0
00/2E:          
00/2E:          	; START OF DEFINED MEMORY
00/2E:          .BANK	BD
01/00:          .DATA
01/00:          STR0_B = BD	; STRING BANK
01/00:          
01/00:          	; ERROR MESSAGE / PROMPT
01/00: 0A0D3F   .DEFL BYTE ST_ERR	0X0A,0X0D,'?'
01/03: 0A0D2500 .DEFL BYTE ST_PRM	0X0A,0X0D,'%',0
01/07:          
01/07:          	; BANK IS DONE, MOVE ON TO THE NEXT
01/07:          BD	= BD+1
01/07:          BUF_B	= BD	; BUFFER BANK
01/07:          
01/07:          	; BANK IS DONE, MOVE ON TO THE NEXT
01/07:          BD	= BD+4
01/07:          HEAP	= BD	; THE REST OF MEMORY IS HEAP
01/07:          
01/07:          ; ED1.S
01/07:          ; SIMPLE TEXT EDITOR
01/07:          ; USER OPERATIONS
01/07:          
01/07:          .TEXT
01/BE:          .BANK	BI
07/80:          UOP0_B	= BI
07/80:          
07/80:          	; PRINT NUMBER OF LINES
07/80: 340B     PLINES:	LOADI	B,UOP4_B
07/81: 389B     	LOADI	C,PLINESA
07/82: FF7F     	JUMP	INDIR
07/84:          
07/83:          	; PRINT FREE MEMORY BLOCKS
07/83: 340B     PFREE:	LOADI	B,UOP4_B
07/84: 3880     	LOADI	C,PFREEA
07/85: FF7C     	JUMP	INDIR
07/87:          
07/86:          	; APPENDS LINES INTO THE TEXT BUFFER
07/86: 3409     APPEND:	LOADI	B,UOP2_B
07/87: 388D     	LOADI	C,APPENDA
07/88: FF79     	JUMP	INDIR
07/8A:          
07/89:          	; INSERT LINES INTO THE TEXT BUFFER
07/89: 3409     INSERT:	LOADI	B,UOP2_B
07/8A: 38AC     	LOADI	C,INSERTA
07/8B: FF76     	JUMP	INDIR
07/8D:          	
07/8C:          	; DELETE LINES FROM THE TEXT BUFFER
07/8C: 340A     DELETE:	LOADI	B,UOP3_B
07/8D: 3880     	LOADI	C,DELETEA
07/8E: FF73     	JUMP	INDIR
07/90:          
07/8F:          	; EXECUTE A FILE READ
07/8F: 3409     DOFREAD:LOADI	B,UOP2_B
07/90: 3880     	LOADI	C,DOFREAA
07/91: FF70     	JUMP	INDIR
07/93:          
07/92:          	; SET EDITING FILE
07/92: 8011     SETFILE:LOAD	A,[STATE]
07/93: 5000     	ADDI	A,0
07/94: F721     	BRNZ	9F
07/96:          	
07/95:          	; SAVE STACK (IF NEEDED)
07/95: AC0C     	STORE	[SPARK],D
07/97:          	
07/96:          	; GET NEXT CHARACTER
07/96: 8806     	LOAD	C,[POINTER]
07/97: 3402     	LOADI	B,BUF_B
07/98: A480     	STORE	[DBANK],B
07/99: 9200     	LOADF	A,[C]
07/9A: 5801     	ADDI	C,1
07/9C:          	
07/9B:          	; SEE IF IT IS A SPACE
07/9B: 3420     	LOADI	B,0X20
07/9C: D100     	CMP	A,B
07/9D: F718     	BRNZ	9F
07/9E: 9200     	LOADF	A,[C]
07/9F: D100     	CMP	A,B
07/A0: F915     	BRBE	9F
07/A2:          	
07/A1:          	; COPY THE FILE NAME OVER
07/A1: 3C18     	LOADI	D,FNAME
07/A2: 9200     0:	LOADF	A,[C]
07/A3: 3400     	LOADI	B,0
07/A4: A480     	STORE	[DBANK],B
07/A5: B300     	STOREF	[D],A
07/A6: 7020     	SUBI	A,0X20
07/A7: F908     	BRBE	1F
07/A8: 5801     	ADDI	C,1
07/A9: 5C01     	ADDI	D,1
07/AA: 3427     	LOADI	B,FNAME+15
07/AB: DD00     	CMP	D,B
07/AC: F003     	BRAE	1F
07/AD: 3402     	LOADI	B,BUF_B
07/AE: A480     	STORE	[DBANK],B
07/AF: FFF2     	JUMP	0B
07/B1:          	
07/B0:          	; TERMINATE STRING
07/B0: 3000     1:	LOADI	A,0
07/B1: B300     	STOREF	[D],A
07/B2: 8C0C     	LOAD	D,[SPARK]
07/B4:          	
07/B3:          	; GO BACK TO COMMAND LINE
07/B3: 3405     8:	LOADI	B,CMD0_B
07/B4: 3882     	LOADI	C,PROMPT
07/B5: FF4C     	JUMP	INDIR
07/B7:          	
07/B6:          	; ERROR
07/B6: 3400     9:	LOADI	B,0
07/B7: A480     	STORE	[DBANK],B
07/B8: 3405     	LOADI	B,CMD0_B
07/B9: 3880     	LOADI	C,ERROR
07/BA: FF47     	JUMP	INDIR
07/BC:          
07/BB:          	; PRINT LINES
07/BB:          	; REQUIRES 1 OR 2 ARGUMENTS
07/BB: 3408     PRINTL:	LOADI	B,UOP1_B
07/BC: 3880     	LOADI	C,PRINTLA
07/BD: FF44     	JUMP	INDIR
07/BF:          
07/BE:          	; BANK IS DONE, MOVE ON TO THE NEXT
07/BE:          BI	= BI+1
07/BE:          .TEXT
07/BE:          .BANK	BI
08/80:          UOP1_B	= BI
08/80:          
08/80:          	; SHADOW OF PRINTL
08/80: 8011     PRINTLA:LOAD	A,[STATE]
08/81: 7001     	SUBI	A,1
08/82: F459     	BRN	9F
08/83: F704     	BRNZ	1F
08/85:          	
08/84:          	; SET ARGB = ARGA
08/84: 8012     	LOAD	A,[ARGA]
08/85: 8413     	LOAD	B,[ARGA+1]
08/86: A014     	STORE	[ARGB],A
08/87: A415     	STORE	[ARGB+1],B
08/89:          	
08/88:          	; ENSURE ARGA >= ARGB
08/88: 8012     1:	LOAD	A,[ARGA]
08/89: 8414     	LOAD	B,[ARGB]
08/8A: D100     	CMP	A,B
08/8B: F150     	BRB	9F
08/8C: F804     	BRA	2F
08/8D: 8013     	LOAD	A,[ARGA+1]
08/8E: 8415     	LOAD	B,[ARGB+1]
08/8F: D100     	CMP	A,B
08/90: F14B     	BRB	9F
08/92:          	
08/91:          	; START LOOKING FOR THE LINE
08/91:          	; TEMP = ARGB
08/91: 8014     2:	LOAD	A,[ARGB]
08/92: 8415     	LOAD	B,[ARGB+1]
08/93: A016     	STORE	[TEMP],A
08/94: A417     	STORE	[TEMP+1],B
08/95: 3808     	LOADI	C,BI
08/96: BB01     	STOREF	[D+1],C
08/97: 389C     	LOADI	C,@+5
08/98: BB00     	STOREF	[D],C
08/99: 340C     	LOADI	B,LOP0_B
08/9A: 3886     	LOADI	C,FINDL
08/9B: FF66     	JUMP	INDIR
08/9C: 5000     	ADDI	A,0
08/9D: F73E     	BRNZ	9F
08/9F:          	
08/9E:          	; START PRINTING OFF LINES
08/9E: 8800     3:	LOAD	C,[CBLOCK]
08/9F: 8407     	LOAD	B,[MB_PNTR]
08/A0: A880     	STORE	[DBANK],C
08/A1: 9100     	LOADF	A,[B]
08/A2: 3800     	LOADI	C,0
08/A3: A880     	STORE	[DBANK],C
08/A5:          	
08/A4:          	; IS IT ZERO OR NEGATIVE
08/A4: 5000     	ADDI	A,0
08/A5: F40A     	BRN	5F
08/A6: F619     	BRZ	6F
08/A8:          	
08/A7:          	; PRINT THE CHARACTER
08/A7: 3401     	LOADI	B,S_PUTC
08/A8: 38AA     	LOADI	C,@+2
08/A9: FF5A     	JUMP	SYSCALL
08/AB:          	
08/AA:          	; NEXT CHARACTER
08/AA: 8407     4:	LOAD	B,[MB_PNTR]
08/AB: 8808     	LOAD	C,[MB_END]
08/AC: 5401     	ADDI	B,1
08/AD: A407     	STORE	[MB_PNTR],B
08/AE: D600     	CMP	B,C
08/AF: F7EE     	BRNZ	3B
08/B1:          	
08/B0:          	; NEXT BLOCK
08/B0: 8000     5:	LOAD	A,[CBLOCK]
08/B1: 8401     	LOAD	B,[CBLOCK+1]
08/B2: A080     	STORE	[DBANK],A
08/B3: 9100     	LOADF	A,[B]
08/B4: 9501     	LOADF	B,[B+1]
08/B5: 3800     	LOADI	C,0
08/B6: A880     	STORE	[DBANK],C
08/B8:          	
08/B7:          	; MAKE SURE IT ISN'T ZERO
08/B7: 5000     	ADDI	A,0
08/B8: F620     	BRZ	8F
08/BA:          	
08/B9:          	; SET CBLOCK AND UPDATE MB_PNTR AND MB_END
08/B9: A000     	STORE	[CBLOCK],A
08/BA: A401     	STORE	[CBLOCK+1],B
08/BB: 5403     	ADDI	B,3
08/BC: A407     	STORE	[MB_PNTR],B
08/BD: 541D     	ADDI	B,32-3
08/BE: A408     	STORE	[MB_END],B
08/BF: FFDE     	JUMP	3B
08/C1:          
08/C0:          	; START OF A NEW LINE
08/C0:          	; ENSURE ARGA >= ARGB
08/C0: 8012     6:	LOAD	A,[ARGA]
08/C1: 8414     	LOAD	B,[ARGB]
08/C2: D100     	CMP	A,B
08/C3: F115     	BRB	8F
08/C4: F804     	BRA	7F
08/C5: 8013     	LOAD	A,[ARGA+1]
08/C6: 8415     	LOAD	B,[ARGB+1]
08/C7: D100     	CMP	A,B
08/C8: F110     	BRB	8F
08/CA:          	
08/C9:          	; INCREMENT ARGB
08/C9: 8015     7:	LOAD	A,[ARGB+1]
08/CA: 5001     	ADDI	A,1
08/CB: A015     	STORE	[ARGB+1],A
08/CC: F104     	BRNC	7F
08/CD: 8014     	LOAD	A,[ARGB]
08/CE: 5001     	ADDI	A,1
08/CF: A014     	STORE	[ARGB],A
08/D0: F008     	BRC	8F
08/D2:          	
08/D1:          	; PRINT CR/LF
08/D1: 300A     7:	LOADI	A,0X0A
08/D2: 3401     	LOADI	B,S_PUTC
08/D3: 38D5     	LOADI	C,@+2
08/D4: FF2F     	JUMP	SYSCALL
08/D5: 300D     	LOADI	A,0X0D
08/D6: 3401     	LOADI	B,S_PUTC
08/D7: 38AA     	LOADI	C,4B
08/D8: FF2B     	JUMP	SYSCALL
08/DA:          	
08/D9:          	; GO BACK TO COMMAND LINE
08/D9: 3405     8:	LOADI	B,CMD0_B
08/DA: 3882     	LOADI	C,PROMPT
08/DB: FF26     	JUMP	INDIR
08/DD:          	
08/DC:          	; ERROR
08/DC: 3405     9:	LOADI	B,CMD0_B
08/DD: 3880     	LOADI	C,ERROR
08/DE: FF23     	JUMP	INDIR
08/E0:          	
08/DF:          	; BANK IS DONE, MOVE ON TO THE NEXT
08/DF:          BI	= BI+1
08/DF:          .TEXT
08/DF:          .BANK	BI
09/80:          UOP2_B	= BI
09/80:          	
09/80:          	; SHADOW OF DOFREAD
09/80: 8011     DOFREAA:LOAD	A,[STATE]
09/81: 5000     	ADDI	A,0
09/82: F735     	BRNZ	9F
09/84:          
09/83:          	; READ THE FILE
09/83: 3809     	LOADI	C,BI
09/84: BB01     	STOREF	[D+1],C
09/85: 388A     	LOADI	C,@+5
09/86: BB00     	STOREF	[D],C
09/87: 3403     	LOADI	B,FIO0_B
09/88: 3880     	LOADI	C,FREAD
09/89: FF78     	JUMP	INDIR
09/8B:          	
09/8A:          	; CHECK FOR ERRORS
09/8A: 5000     	ADDI	A,0
09/8B: F42C     	BRN	9F
09/8C: FF28     	JUMP	8F
09/8E:          
09/8D:          	; SHADOW OF APPEND
09/8D: 8011     APPENDA:LOAD	A,[STATE]
09/8E: 7001     	SUBI	A,1
09/8F: F728     	BRNZ	9F
09/91:          
09/90:          	; GO LOOK FOR THE FILE
09/90:          	; SPECIAL BEHAVIOR IF IT IS 0
09/90: 8012     	LOAD	A,[ARGA]
09/91: 8413     	LOAD	B,[ARGA+1]
09/92: 5000     	ADDI	A,0
09/93: F702     	BRNZ	0F
09/94: 5400     	ADDI	B,0
09/95: F60C     	BRZ	1F
09/96: A016     0:	STORE	[TEMP],A
09/97: A417     	STORE	[TEMP+1],B
09/98: 3809     	LOADI	C,BI
09/99: BB01     	STOREF	[D+1],C
09/9A: 389F     	LOADI	C,@+5
09/9B: BB00     	STOREF	[D],C
09/9C: 340C     	LOADI	B,LOP0_B
09/9D: 3886     	LOADI	C,FINDL
09/9E: FF63     	JUMP	INDIR
09/9F: 5000     	ADDI	A,0
09/A0: F717     	BRNZ	9F
09/A2:          
09/A1:          	; CALL INPUTL
09/A1: 30FF     	LOADI	A,0XFF
09/A2: 3809     1:	LOADI	C,BI
09/A3: BB01     	STOREF	[D+1],C
09/A4: 38A9     	LOADI	C,@+5
09/A5: BB00     	STOREF	[D],C
09/A6: 340C     	LOADI	B,LOP0_B
09/A7: 3883     	LOADI	C,INPUTL
09/A8: FF59     	JUMP	INDIR
09/A9: 5000     	ADDI	A,0
09/AA: F70D     	BRNZ	9F
09/AB: FF09     	JUMP	8F
09/AD:          	
09/AC:          	; SHADOW OF INSERT
09/AC:          	; JUST SUBTRACT 1 FROM ARGA AND JUMP TO APPEND
09/AC: 8013     INSERTA:LOAD	A,[ARGA+1]
09/AD: 7001     	SUBI	A,1
09/AE: A013     	STORE	[ARGA+1],A
09/AF: F004     	BRC	1F
09/B0: 8012     	LOAD	A,[ARGA]
09/B1: 7001     	SUBI	A,1
09/B2: A412     	STORE	[ARGA],B
09/B3: F128     	BRNC	9B
09/B5:          	
09/B4: FFD8     1:	JUMP	APPENDA
09/B6:          
09/B5:          	; GO BACK TO COMMAND LINE
09/B5: 3405     8:	LOADI	B,CMD0_B
09/B6: 3882     	LOADI	C,PROMPT
09/B7: FF4A     	JUMP	INDIR
09/B9:          
09/B8:          	; ERROR
09/B8: 3405     9:	LOADI	B,CMD0_B
09/B9: 3880     	LOADI	C,ERROR
09/BA: FF47     	JUMP	INDIR
09/BC:          
09/BB:          	; BANK IS DONE, MOVE ON TO THE NEXT
09/BB:          BI	= BI+1
09/BB:          .TEXT
09/BB:          .BANK	BI
0A/80:          UOP3_B	= BI
0A/80:          
0A/80:          	; SHADOW OF DELETE
0A/80: 8011     DELETEA:LOAD	A,[STATE]
0A/81: 7001     	SUBI	A,1
0A/82: F425     	BRN	9F
0A/83: F704     	BRNZ	1F
0A/85:          	
0A/84:          	; SET ARGB = ARGA
0A/84: 8012     	LOAD	A,[ARGA]
0A/85: 8413     	LOAD	B,[ARGA+1]
0A/86: A014     	STORE	[ARGB],A
0A/87: A415     	STORE	[ARGB+1],B
0A/89:          	
0A/88:          	; ENSURE ARGA >= ARGB
0A/88: 8012     1:	LOAD	A,[ARGA]
0A/89: 8414     	LOAD	B,[ARGB]
0A/8A: D100     	CMP	A,B
0A/8B: F11C     	BRB	9F
0A/8C: F804     	BRA	2F
0A/8D: 8013     	LOAD	A,[ARGA+1]
0A/8E: 8415     	LOAD	B,[ARGB+1]
0A/8F: D100     	CMP	A,B
0A/90: F117     	BRB	9F
0A/92:          	
0A/91:          	; START LOOKING FOR THE LINE
0A/91:          	; TEMP = ARGB
0A/91: 8014     2:	LOAD	A,[ARGB]
0A/92: 8415     	LOAD	B,[ARGB+1]
0A/93: A016     	STORE	[TEMP],A
0A/94: A417     	STORE	[TEMP+1],B
0A/95: 380A     	LOADI	C,BI
0A/96: BB01     	STOREF	[D+1],C
0A/97: 389C     	LOADI	C,@+5
0A/98: BB00     	STOREF	[D],C
0A/99: 340C     	LOADI	B,LOP0_B
0A/9A: 3886     	LOADI	C,FINDL
0A/9B: FF66     	JUMP	INDIR
0A/9C: 5000     	ADDI	A,0
0A/9D: F70A     	BRNZ	9F
0A/9F:          	
0A/9E:          	; REMOVE THE LINES
0A/9E: 38A3     	LOADI	C,@+5
0A/9F: BB00     	STOREF	[D],C
0A/A0: 340C     	LOADI	B,LOP0_B
0A/A1: 3880     	LOADI	C,ERASEL
0A/A2: FF5F     	JUMP	INDIR
0A/A3: 5000     	ADDI	A,0
0A/A4: F703     	BRNZ	9F
0A/A6:          
0A/A5:          	; GO BACK TO COMMAND LINE
0A/A5: 3405     8:	LOADI	B,CMD0_B
0A/A6: 3882     	LOADI	C,PROMPT
0A/A7: FF5A     	JUMP	INDIR
0A/A9:          	
0A/A8:          	; ERROR
0A/A8: 3405     9:	LOADI	B,CMD0_B
0A/A9: 3880     	LOADI	C,ERROR
0A/AA: FF57     	JUMP	INDIR
0A/AC:          	
0A/AB:          	; PRINTS THE SIZE AS 16 BIT BASE-10 NUMBER
0A/AB:          	; [TEMP] = NUMBER TO PRINT
0A/AB:          	; USES: A, B, C
0A/AB: 7C02     PRINTD: SUBI	D,2
0A/AD:          	
0A/AC:          	; SET PADDING TO NULL CHARACTER AT FIRST
0A/AC: 3800     	LOADI	C,0
0A/AD: A82C     	STORE	[PADDING],C
0A/AF:          
0A/AE:          V	= 10000
0A/AE: 3027     	LOADI	A,V/256
0A/AF: 3410     	LOADI	B,V%256
0A/B0: 38B2     	LOADI	C,@+2
0A/B1: FF14     	JUMP	DOCHAR
0A/B3:          	
0A/B2:          V	= 1000
0A/B2: 3003     	LOADI	A,V/256
0A/B3: 34E8     	LOADI	B,V%256
0A/B4: 38B6     	LOADI	C,@+2
0A/B5: FF10     	JUMP	DOCHAR
0A/B7:          	
0A/B6:          V	= 100
0A/B6: 3000     	LOADI	A,V/256
0A/B7: 3464     	LOADI	B,V%256
0A/B8: 38BA     	LOADI	C,@+2
0A/B9: FF0C     	JUMP	DOCHAR
0A/BB:          	
0A/BA:          V	= 10
0A/BA: 3000     	LOADI	A,V/256
0A/BB: 340A     	LOADI	B,V%256
0A/BC: 38BE     	LOADI	C,@+2
0A/BD: FF08     	JUMP	DOCHAR
0A/BF:          	
0A/BE: 3030     	LOADI	A,'0'
0A/BF: A02C     	STORE	[PADDING],A
0A/C1:          	
0A/C0:          V	= 1
0A/C0: 3000     	LOADI	A,V/256
0A/C1: 3401     	LOADI	B,V%256
0A/C2: 38C4     	LOADI	C,@+2
0A/C3: FF02     	JUMP	DOCHAR
0A/C5:          	
0A/C4: 5C02     	ADDI	D,2 
0A/C5: FF3D     	JUMP	IRET
0A/C7:          	
0A/C6:          	; A = UPPER SUB
0A/C6:          	; B = LOWER SUB
0A/C6: A82D     DOCHAR:	STORE	[LEAFRET],C
0A/C7: 882C     	LOAD	C,[PADDING]	
0A/C8: A80A     	STORE	[CHAR],C
0A/CA:          	
0A/C9:          	; PARK THE STACK
0A/C9: AC0C     	STORE	[SPARK],D
0A/CB:          
0A/CA:          	; GET THE SIZE
0A/CA: 8816     0:	LOAD	C,[TEMP]
0A/CB: 8C17     	LOAD	D,[TEMP+1]
0A/CD:          	
0A/CC:          	; DO 16 BIT SUBTRACTION
0A/CC: 6D00     1:	SUB	D,B
0A/CD: F002     	BRC	2F
0A/CE: 7801     	SUBI	C,1
0A/CF: F10D     	BRNC	4F
0A/D0: 6800     2:	SUB	C,A
0A/D1: F10B     	BRNC	4F
0A/D3:          	
0A/D2:          	; SAVE VALUE
0A/D2: A816     	STORE	[TEMP],C
0A/D3: AC17     	STORE	[TEMP+1],D
0A/D5:          	
0A/D4:          	; GET THE CHAR AND CHECK TO SEE IF IT IS A WHITESPACE
0A/D4: 880A     	LOAD	C,[CHAR]
0A/D5: 3C20     	LOADI	D,0X20
0A/D6: DB00     	CMP	C,D
0A/D7: F802     	BRA	3F
0A/D9:          	
0A/D8:          	; SET PADDING AND CHAR TO '0'
0A/D8: 3830     	LOADI	C,'0'
0A/D9: A82C     	STORE	[PADDING],C
0A/DB:          	
0A/DA: 5801     3:	ADDI	C,1
0A/DB: A80A     	STORE	[CHAR],C
0A/DC: FFED     	JUMP	0B
0A/DE:          	
0A/DD:          	; RESTORE THE STACK
0A/DD: 8C0C     4:	LOAD	D,[SPARK]
0A/DF:          	
0A/DE:          	; SEE IF IT IS ZERO
0A/DE: 800A     	LOAD	A,[CHAR]
0A/DF: 5000     	ADDI	A,0
0A/E0: F702     	BRNZ	5F
0A/E1: 882D     	LOAD	C,[LEAFRET]
0A/E2: FE1D     	JUMPR	C
0A/E4:          	
0A/E3:          	; PRINT THE CHARACTER
0A/E3: 3401     5:	LOADI	B,S_PUTC
0A/E4: 380A     	LOADI	C,BI	; RETURN BANK
0A/E5: BB01     	STOREF	[D+1],C
0A/E6: 882D     	LOAD	C,[LEAFRET]
0A/E7: FF1C     	JUMP	SYSCALL
0A/E9:          	
0A/E8:          	; BANK IS DONE, MOVE ON TO THE NEXT
0A/E8:          BI	= BI+1
0A/E8:          .TEXT
0A/E8:          .BANK	BI
0B/80:          UOP4_B	= BI
0B/80:          
0B/80:          	; SHADOW OF PFREE
0B/80: 7C02     PFREEA:	SUBI	D,2
0B/82:          
0B/81:          	; CHECK STATE
0B/81: 8011     	LOAD	A,[STATE]
0B/82: 5000     	ADDI	A,0
0B/83: F735     	BRNZ	9F
0B/85:          
0B/84:          	; SET TEMP TO NUMFREE
0B/84: 802A     	LOAD	A,[NUMFREE]
0B/85: 842B     	LOAD	B,[NUMFREE+1]
0B/86: A016     	STORE	[TEMP],A
0B/87: A417     	STORE	[TEMP+1],B
0B/89:          
0B/88:          	; DO CR/LF
0B/88: 300A     PTEMP:	LOADI	A,0X0A
0B/89: 3401     	LOADI	B,S_PUTC
0B/8A: 380B     	LOADI	C,BI
0B/8B: BB01     	STOREF	[D+1],C
0B/8C: 388E     	LOADI	C,@+2
0B/8D: FF76     	JUMP	SYSCALL
0B/8E: 300D     	LOADI	A,0X0D
0B/8F: 3401     	LOADI	B,S_PUTC
0B/90: 3892     	LOADI	C,@+2
0B/91: FF72     	JUMP	SYSCALL
0B/93:          	
0B/92:          	; PRINT TEMP
0B/92: 3897     	LOADI	C,@+5
0B/93: BB00     	STOREF	[D],C
0B/94: 340A     	LOADI	B,UOP3_B
0B/95: 38AB     	LOADI	C,PRINTD
0B/96: FF6B     	JUMP	INDIR
0B/98:          	
0B/97:          	; RETURN
0B/97: 5C02     	ADDI	D,2
0B/98: 3405     	LOADI	B,CMD0_B
0B/99: 3882     	LOADI	C,PROMPT
0B/9A: FF67     	JUMP	INDIR
0B/9C:          	
0B/9B:          	; SHADOW OF PLINES
0B/9B: 7C02     PLINESA:SUBI	D,2
0B/9D:          
0B/9C:          	; CHECK STATE
0B/9C: 8011     	LOAD	A,[STATE]
0B/9D: 5000     	ADDI	A,0
0B/9E: F71A     	BRNZ	9F
0B/A0:          
0B/9F:          	; COUNT NUMBER OF LINES
0B/9F: A016     	STORE	[TEMP],A
0B/A0: A017     	STORE	[TEMP+1],A
0B/A2:          	
0B/A1:          	; START AT LINETAB
0B/A1: AC0C     	STORE	[SPARK],D
0B/A2: 3800     	LOADI	C,0
0B/A3: 3C0F     	LOADI	D,LINETAB
0B/A5:          	
0B/A4:          	; INDIRECT TO NEXT BLOCK
0B/A4: A880     0:	STORE	[DBANK],C
0B/A5: 9B00     	LOADF	C,[D]
0B/A6: 9F01     	LOADF	D,[D+1]
0B/A7: 5800     	ADDI	C,0
0B/A8: F60C     	BRZ	8F
0B/AA:          	
0B/A9:          	; GRAB NUMBER OF LINES ON BLOCK
0B/A9: A880     	STORE	[DBANK],C
0B/AA: 9702     	LOADF	B,[D+2]
0B/AB: 3000     	LOADI	A,0
0B/AC: A080     	STORE	[DBANK],A
0B/AE:          	
0B/AD:          	; ADD IT TO TEMP
0B/AD: 8017     	LOAD	A,[TEMP+1]
0B/AE: 4100     	ADD	A,B
0B/AF: A017     	STORE	[TEMP+1],A
0B/B0: F1F3     	BRNC	0B
0B/B1: 8016     	LOAD	A,[TEMP]
0B/B2: 5001     	ADDI	A,1
0B/B3: A016     	STORE	[TEMP],A
0B/B4: FFEF     	JUMP	0B
0B/B6:          
0B/B5:          	; DONE, GO PRINT IT OUT
0B/B5: 3000     8:	LOADI	A,0
0B/B6: A080     	STORE	[DBANK],A
0B/B7: 8C0C     	LOAD	D,[SPARK]
0B/B8: FFCF     	JUMP	PTEMP
0B/BA:          	
0B/B9:          	; ERROR
0B/B9: 5C02     9:	ADDI	D,2
0B/BA: 3405     	LOADI	B,CMD0_B
0B/BB: 3880     	LOADI	C,ERROR
0B/BC: FF45     	JUMP	INDIR
0B/BE:          	
0B/BD:          	; BANK IS DONE, MOVE ON TO THE NEXT
0B/BD:          BI	= BI+1
0B/BD:          ; ED2.S
0B/BD:          ; SIMPLE TEXT EDITOR
0B/BD:          ; LINE OPERATIONS
0B/BD:          
0B/BD:          .TEXT
0B/BD:          .BANK	BI
0C/80:          LOP0_B	= BI
0C/80:          
0C/80:          	; DELETES A NUMBER OF LINES STARTING FROM THE
0C/80:          	; BEGINNING OF A LINE
0C/80:          	; AT THE END OF EACH DELETED LINE, [ARGB] WILL BE INCREMENTED
0C/80:          	; LINES WILL CONTINUE TO BE DELETED UNTIL [ARGB] > [ARGA]
0C/80:          	; [CBLOCK] = LINE BLOCK
0C/80:          	; [MB_PNTR] = LINE ADDRESS
0C/80:          	; RETURNS A=0XFF IF ERROR, 0X00 OTHERWISE
0C/80:          	; USES: A, B, C
0C/80: 340F     ERASEL:	LOADI	B,LOP3_B
0C/81: 3880     	LOADI	C,ERASELA
0C/82: FF7F     	JUMP	INDIR
0C/84:          
0C/83:          	; ALLOWS A USER TO ADD LINES INTO THE BUFFER
0C/83:          	; WHEN CALLED, THE ADDRESS AT [CBLOCK] / [MB_PNTR]
0C/83:          	; SHOULD POINT TO AN EXISTING LINE. THE NEW LINE
0C/83:          	; WILL BE PLACED AFTER THAT LINE.
0C/83:          	; A '.' CAN BE USED TO EXIT FROM EDIT MODE
0C/83:          	; [CBLOCK] = LINE BLOCK
0C/83:          	; [MB_PNTR] = LINE ADDRESS
0C/83:          	; A = 0 IF APPENDING TO START OF BUFFER
0C/83:          	; RETURNS A=0XFF IF ERROR, 0X00 OTHERWISE
0C/83:          	; USES: A, B, C
0C/83:          	; 
0C/83: 340D     INPUTL:	LOADI	B,LOP1_B
0C/84: 3880     	LOADI	C,INPUTLA
0C/85: FF7C     	JUMP	INDIR
0C/87:          
0C/86:          	; SETS [CBLOCK] AND [MB_PNTR] TO THE START OF A LINE
0C/86:          	; [MB_END] WILL ALSO BE UPDATED FOR THE CURRENT BLOCK
0C/86:          	; [TEMP] = LINE NUMBER TO FIND
0C/86:          	; RETURNS A=0X00 IF FOUND, 0XFF OTHERWISE
0C/86:          	; USES: A, B, C
0C/86: 840F     FINDL:	LOAD	B,[LINETAB]
0C/87: 8810     	LOAD	C,[LINETAB+1]
0C/89:          	
0C/88:          	; INITALIZE PBLOCK
0C/88: 3000     	LOADI	A,0
0C/89: A028     	STORE	[PBLOCK],A
0C/8A: 300F     	LOADI	A,LINETAB
0C/8B: A029     	STORE	[PBLOCK+1],A
0C/8D:          	
0C/8C: A400     0:	STORE	[CBLOCK],B
0C/8D: A801     	STORE	[CBLOCK+1],C
0C/8E: 30FF     	LOADI	A,0XFF
0C/8F: 5400     	ADDI	B,0
0C/90: F672     	BRZ	IRET
0C/91: A480     	STORE	[DBANK],B
0C/92: 9602     	LOADF	B,[C+2]
0C/93: 3000     	LOADI	A,0
0C/94: A080     	STORE	[DBANK],A
0C/95: 5400     	ADDI	B,0
0C/96: F60D     	BRZ	2F
0C/98:          	
0C/97:          	; B = LINES ON BLOCK
0C/97: 8017     	LOAD	A,[TEMP+1]
0C/98: 2800     	MOV	C,A
0C/99: 6100     	SUB	A,B
0C/9A: A017     	STORE	[TEMP+1],A
0C/9B: 8416     	LOAD	B,[TEMP]
0C/9C: F003     	BRC	1F
0C/9D: 7401     	SUBI	B,1
0C/9E: A416     	STORE	[TEMP],B
0C/9F: F10E     	BRNC	3F
0C/A1:          	
0C/A0:          	; SEE IF TEMP = 0
0C/A0: 5000     1:	ADDI	A,0
0C/A1: F702     	BRNZ	2F
0C/A2: 5400     	ADDI	B,0
0C/A3: F60A     	BRZ	3F
0C/A5:          	
0C/A4:          	; NEXT BLOCK
0C/A4: 8400     2:	LOAD	B,[CBLOCK]
0C/A5: 8801     	LOAD	C,[CBLOCK+1]
0C/A6: A428     	STORE	[PBLOCK],B
0C/A7: A829     	STORE	[PBLOCK+1],C
0C/A8: A480     	STORE	[DBANK],B
0C/A9: 9600     	LOADF	B,[C]
0C/AA: 9A01     	LOADF	C,[C+1]
0C/AB: 3000     	LOADI	A,0
0C/AC: A080     	STORE	[DBANK],A
0C/AD: FFDE     	JUMP	0B
0C/AF:          
0C/AE:          	; FOUND BLOCK, FIND THE START OF LINE
0C/AE:          	; C = OFFSET
0C/AE: 8000     3:	LOAD	A,[CBLOCK]
0C/AF: 8401     	LOAD	B,[CBLOCK+1]
0C/B0: 5420     	ADDI	B,32
0C/B1: A408     	STORE	[MB_END],B
0C/B2: 8401     	LOAD	B,[CBLOCK+1]
0C/B3: 5403     	ADDI	B,3
0C/B4: A080     	STORE	[DBANK],A
0C/B5: 9100     4:	LOADF	A,[B]
0C/B6: 5000     	ADDI	A,0
0C/B7: F602     	BRZ	6F
0C/B8: 5401     5:	ADDI	B,1
0C/B9: FFFB     	JUMP	4B
0C/BB:          	
0C/BA:          	; DECREMENT AND MAYBE RETURN
0C/BA: 7801     6:	SUBI	C,1
0C/BB: F105     	BRNC	7F
0C/BC: F7FB     	BRNZ	5B
0C/BD: 3000     	LOADI	A,0
0C/BE: A080     	STORE	[DBANK],A
0C/BF: A407     	STORE	[MB_PNTR],B
0C/C0: FF42     	JUMP	IRET
0C/C2:          	
0C/C1:          	; ERROR!
0C/C1: 3000     7:	LOADI	A,0
0C/C2: A080     	STORE	[DBANK],A
0C/C3: 30FF     	LOADI	A,0XFF
0C/C4: FF3E     	JUMP	IRET
0C/C6:          
0C/C5:          	; BANK IS DONE, MOVE ON TO THE NEXT
0C/C5:          BI	= BI+1
0C/C5:          .TEXT
0C/C5:          .BANK	BI
0D/80:          LOP1_B	= BI
0D/80:          
0D/80:          	; SHADOW ON INPUTL
0D/80:          	; ATTEMPT TO POSITION EDITOR POINTER
0D/80: 7C02     INPUTLA:SUBI	D,2
0D/81: AC0C     	STORE	[SPARK],D
0D/82: 5000     	ADDI	A,0
0D/83: F709     	BRNZ	1F
0D/85:          	
0D/84:          	; APPEND TO BEGINNING
0D/84: 3000     	LOADI	A,0
0D/85: 340F     	LOADI	B,LINETAB
0D/86: A000     	STORE	[CBLOCK],A
0D/87: A401     	STORE	[CBLOCK+1],B
0D/88: 301F     	LOADI	A,0X1F
0D/89: A007     	STORE	[MB_PNTR],A
0D/8A: 3020     	LOADI	A,0X20
0D/8B: A008     	STORE	[MB_END],A
0D/8C: FF22     	JUMP	6F
0D/8E:          	
0D/8D:          	; FIND END OF LINE TO APPEND TO
0D/8D:          	; CHECK THE NEXT CHARACTER
0D/8D: 8000     1:	LOAD	A,[CBLOCK]
0D/8E: 8401     	LOAD	B,[CBLOCK+1]
0D/8F: 8807     	LOAD	C,[MB_PNTR]
0D/90: 8C08     	LOAD	D,[MB_END]
0D/92:          	
0D/91:          	; INCREMENT POINTER
0D/91: 5801     	ADDI	C,1
0D/92: DB00     	CMP	C,D
0D/93: F604     	BRZ	3F
0D/95:          	
0D/94:          	; CHECK CHARACTER
0D/94: A080     2:	STORE	[DBANK],A
0D/95: 9E00     	LOADF	D,[C]
0D/96: 5C00     	ADDI	D,0
0D/97: F508     	BRNN	4F
0D/99:          	
0D/98:          	; PEEK INTO NEXT BLOCK
0D/98: A080     3:	STORE	[DBANK],A
0D/99: 9100     	LOADF	A,[B]
0D/9A: 9501     	LOADF	B,[B+1]
0D/9B: 5000     	ADDI	A,0
0D/9C: F60D     	BRZ	5F	; END OF LINE (END OF BUFFER)
0D/9D: 3803     	LOADI	C,3
0D/9E: 4900     	ADD	C,B
0D/9F: FFF4     	JUMP	2B
0D/A1:          	
0D/A0:          	; WE FOUND A CHARACTER
0D/A0:          	; IS IT ZERO?
0D/A0: F609     4:	BRZ	5F
0D/A1: 3C00     	LOADI	D,0
0D/A2: AC80     	STORE	[DBANK],D
0D/A3: A000     	STORE	[CBLOCK],A
0D/A4: A401     	STORE	[CBLOCK+1],B
0D/A5: A807     	STORE	[MB_PNTR],C
0D/A6: 3820     	LOADI	C,32
0D/A7: 4900     	ADD	C,B
0D/A8: A808     	STORE	[MB_END],C
0D/A9: FFE3     	JUMP	1B
0D/AB:          	
0D/AA:          	; YEP, ARE AT THE END OF THE LINE
0D/AA: 3C00     5:	LOADI	D,0
0D/AB: AC80     	STORE	[DBANK],D
0D/AC: 8C0C     	LOAD	D,[SPARK]
0D/AE:          	
0D/AD:          	; THE TEXT INPUT WILL BE PLACED IN BUF_B
0D/AD: 3402     	LOADI	B,BUF_B
0D/AE: A46C     	STORE	[ARG_BNK],B
0D/B0:          	
0D/AF:          	; INDIRECT JUMP
0D/AF: 340E     6:	LOADI	B,LOP2_B
0D/B0: 3880     	LOADI	C,INPUTLB
0D/B1: FF50     	JUMP	INDIR
0D/B3:          	
0D/B2:          	; FINAL PART OF THE APPEND PROCESS
0D/B2:          	; CHECK THE REST-OF-LINE BUFFER
0D/B2: 8C0C     INPUTLC:LOAD	D,[SPARK]
0D/B3: 3003     	LOADI	A,BUF_B+1
0D/B4: A080     	STORE	[DBANK],A
0D/B6:          	
0D/B5:          	; GRAB FIRST BYTE
0D/B5: 8400     	LOAD	B,[0]
0D/B6: 3000     	LOADI	A,0
0D/B7: A080     	STORE	[DBANK],A
0D/B9:          	
0D/B8:          	; DO WE EVEN CARE?
0D/B8: 5400     	ADDI	B,0
0D/B9: F437     	BRN	8F
0D/BB:          	
0D/BA:          	; STORE CBLOCK
0D/BA: 8000     	LOAD	A,[CBLOCK]
0D/BB: 8401     	LOAD	B,[CBLOCK+1]
0D/BC: 8807     	LOAD	C,[MB_PNTR]
0D/BD: A016     	STORE	[TEMP],A
0D/BE: A417     	STORE	[TEMP+1],B
0D/BF: A806     	STORE	[POINTER],C
0D/C1:          	
0D/C0:          	; YES WE SO, ALLOCATE ANOTHER BLOCK
0D/C0: 380D     	LOADI	C,BI
0D/C1: BB01     	STOREF	[D+1],C
0D/C2: 38C7     	LOADI	C,@+5
0D/C3: BB00     	STOREF	[D],C
0D/C4: 3402     	LOADI	B,MEM0_B
0D/C5: 38A1     	LOADI	C,MALLOC
0D/C6: FF3B     	JUMP	INDIR
0D/C8:          	
0D/C7:          	; DID IT WORK?
0D/C7: 5000     	ADDI	A,0
0D/C8: F72B     	BRNZ	9F
0D/CA:          	
0D/C9:          	; SET UP LINE COUNTER
0D/C9: 8401     	LOAD	B,[CBLOCK+1]
0D/CA: 8000     	LOAD	A,[CBLOCK]
0D/CB: A080     	STORE	[DBANK],A
0D/CC: 3000     	LOADI	A,0
0D/CD: B102     	STOREF	[B+2],A
0D/CE: A080     	STORE	[DBANK],A
0D/D0:          	
0D/CF:          	; COPY OVER THE CONTENTS
0D/CF: 5403     	ADDI	B,3
0D/D0: 3800     	LOADI	C,0
0D/D2:          	
0D/D1:          	; GET A CHARACTER FROM THE R-O-L BUFFER
0D/D1: 3003     0:	LOADI	A,BUF_B+1
0D/D2: A080     	STORE	[DBANK],A
0D/D3: 9E00     	LOADF	D,[C]
0D/D4: 3000     	LOADI	A,0
0D/D5: A080     	STORE	[DBANK],A
0D/D7:          	
0D/D6:          	; IS IT ZERO?
0D/D6: 8000     	LOAD	A,[CBLOCK]
0D/D7: 5C00     	ADDI	D,0
0D/D8: F707     	BRNZ	1F
0D/DA:          	
0D/D9:          	; YES IT IS
0D/D9: 8C01     	LOAD	D,[CBLOCK+1]
0D/DA: A080     	STORE	[DBANK],A
0D/DB: 9302     	LOADF	A,[D+2]
0D/DC: 5001     	ADDI	A,1
0D/DD: B302     	STOREF	[D+2],A
0D/DE: 3C00     	LOADI	D,0
0D/DF: FF01     	JUMP	2F
0D/E1:          	
0D/E0:          	; PLACE IT IN THE BUFFER
0D/E0: A080     1:	STORE	[DBANK],A
0D/E1: BD00     2:	STOREF	[B],D
0D/E2: 3000     	LOADI	A,0
0D/E3: A080     	STORE	[DBANK],A
0D/E5:          	
0D/E4:          	; NEXT CHARACTER (MAYBE)
0D/E4: 5401     	ADDI	B,1
0D/E5: 5801     	ADDI	C,1
0D/E6: 5C00     	ADDI	D,0
0D/E7: F5E9     	BRNN	0B
0D/E9:          	
0D/E8:          	; COPY COMPLETE
0D/E8: 8C0C     	LOAD	D,[SPARK]
0D/EA:          	
0D/E9:          	; RESTORE CBLOCK
0D/E9: 8016     	LOAD	A,[TEMP]
0D/EA: 8417     	LOAD	B,[TEMP+1]
0D/EB: 8806     	LOAD	C,[POINTER]
0D/EC: A000     	STORE	[CBLOCK],A
0D/ED: A401     	STORE	[CBLOCK+1],B
0D/EE: A807     	STORE	[MB_PNTR],C
0D/EF: 5420     	ADDI	B,32
0D/F0: A408     	STORE	[MB_END],B
0D/F2:          	
0D/F1:          	; GO TO INPUTLB
0D/F1: 340E     8:	LOADI	B,LOP2_B
0D/F2: 3880     	LOADI	C,INPUTLB
0D/F3: FF0E     	JUMP	INDIR
0D/F5:          	
0D/F4:          	; EXIT
0D/F4: 5C02     9:	ADDI	D,2
0D/F5: FF0D     	JUMP	IRET
0D/F7:          	
0D/F6:          	; BANK IS DONE, MOVE ON TO THE NEXT
0D/F6:          BI	= BI+1
0D/F6:          .TEXT
0D/F6:          .BANK	BI
0E/80:          LOP2_B	= BI
0E/80:          
0E/80:          
0E/80:          	; GRT A LINE
0E/80:          	; DO CR/LF
0E/80: 380E     INPUTLB:LOADI	C,BI
0E/81: BB01     	STOREF	[D+1],C
0E/82: 300A     	LOADI	A,0X0A
0E/83: 3401     	LOADI	B,S_PUTC
0E/84: 3886     	LOADI	C,@+2
0E/85: FF7E     	JUMP	SYSCALL
0E/86: 300D     	LOADI	A,0X0D
0E/87: 3401     	LOADI	B,S_PUTC
0E/88: 388A     	LOADI	C,@+2
0E/89: FF7A     	JUMP	SYSCALL
0E/8B:          	
0E/8A:          	; GET USER INPUT
0E/8A: 3405     	LOADI	B,S_INPUT
0E/8B: 388D     	LOADI	C,@+2
0E/8C: FF77     	JUMP	SYSCALL
0E/8E:          	
0E/8D:          	; WHILE WE ARE HERE, LETS RESET THE REST-OF-LINE BUFFER
0E/8D: 3803     	LOADI	C,BUF_B+1
0E/8E: A880     	STORE	[DBANK],C
0E/8F: 38FF     	LOADI	C,0XFF
0E/90: A800     	STORE	[0],C
0E/92:          	
0E/91:          	; SEE IF THE USER WANTS TO BE DONE
0E/91: 3802     	LOADI	C,BUF_B
0E/92: A880     	STORE	[DBANK],C
0E/93: 8000     	LOAD	A,[0]
0E/94: 8401     	LOAD	B,[1]
0E/95: 702E     	SUBI	A,'.'
0E/96: F701     	BRNZ	1F
0E/97: 5400     	ADDI	B,0
0E/98: 3800     1:	LOADI	C,0
0E/99: A880     	STORE	[DBANK],C
0E/9A: F65E     	BRZ	9F
0E/9C:          
0E/9B:          	; PLACE LINE IN BUFFER
0E/9B:          	; SET POINTER FOR BUFFER
0E/9B: 3000     	LOADI	A,0
0E/9C: A006     	STORE	[POINTER],A
0E/9E:          	
0E/9D:          	; FIRST, WE MOVE ANY EXISTING TEXT OUT OF THE WAY
0E/9D: 8008     	LOAD	A,[MB_END]
0E/9E: 8407     	LOAD	B,[MB_PNTR]
0E/9F: 8800     	LOAD	C,[CBLOCK]
0E/A1:          
0E/A0:          	; INCREMENT, AND SEE IF WE ARE AT THE END OF THE BLOCK
0E/A0:          	; IF SO, ALLOCATE A NEW BLOCK 
0E/A0: 5401     	ADDI	B,1
0E/A1: D100     	CMP	A,B
0E/A2: F61E     	BRZ	4F
0E/A4:          
0E/A3:          	; CHECK TO SEE IF THERE IS A LINE HERE
0E/A3: A880     	STORE	[DBANK],C
0E/A4: 9900     	LOADF	C,[B]
0E/A5: 5800     	ADDI	C,0
0E/A6: 3800     	LOADI	C,0
0E/A7: A880     	STORE	[DBANK],C
0E/A9:          	
0E/A8:          	; NOPE, WE ARE CLEAR TO ENTER DATA
0E/A8: F718     	BRNZ	4F
0E/AA:          
0E/A9:          	; COPY REST OF BUFFER TO BUF_B+1
0E/A9: AC0C     	STORE	[SPARK],D
0E/AA: 3C00     	LOADI	D,0
0E/AB: 8000     2:	LOAD	A,[CBLOCK]
0E/AC: 8801     	LOAD	C,[CBLOCK+1]
0E/AD: A080     	STORE	[DBANK],A
0E/AE: 9100     	LOADF	A,[B]
0E/AF: 5000     	ADDI	A,0
0E/B0: F704     	BRNZ	3F
0E/B2:          	
0E/B1:          	; SUBTRACT ONE FROM THE LINE COUNT
0E/B1: 9202     	LOADF	A,[C+2]
0E/B2: 7001     	SUBI	A,1
0E/B3: B202     	STOREF	[C+2],A
0E/B4: 9100     	LOADF	A,[B]
0E/B6:          	
0E/B5:          	; GO STORE IT
0E/B5: 3803     3:	LOADI	C,BUF_B+1
0E/B6: A880     	STORE	[DBANK],C
0E/B7: B300     	STOREF	[D],A
0E/B8: 38FF     	LOADI	C,0XFF
0E/B9: BB01     	STOREF	[D+1],C
0E/BA: 3800     	LOADI	C,0
0E/BB: A880     	STORE	[DBANK],C
0E/BD:          	
0E/BC:          	; NEXT CHARACTER
0E/BC: 5401     	ADDI	B,1
0E/BD: 5C01     	ADDI	D,1
0E/BE: 8008     	LOAD	A,[MB_END]
0E/BF: D100     	CMP	A,B
0E/C0: F7EA     	BRNZ	2B
0E/C2:          	
0E/C1:          	; START COPYING
0E/C1: 8407     4:	LOAD	B,[MB_PNTR]
0E/C2: 3800     	LOADI	C,0
0E/C3: FF0B     	JUMP	1F
0E/C5:          	
0E/C4:          	; GRAB A CHARACTER FROM THE BUFFER
0E/C4: 3002     0:	LOADI	A,BUF_B
0E/C5: 8806     	LOAD	C,[POINTER]
0E/C6: 5801     	ADDI	C,1
0E/C7: A806     	STORE	[POINTER],C
0E/C8: A080     	STORE	[DBANK],A
0E/C9: 9AFF     	LOADF	C,[C+0-1]
0E/CA: 3000     	LOADI	A,0
0E/CB: A080     	STORE	[DBANK],A
0E/CD:          	
0E/CC:          	; CHECK IF ITS ZERO
0E/CC: 5800     	ADDI	C,0
0E/CD: 8008     	LOAD	A,[MB_END]
0E/CE: F61D     	BRZ	5F
0E/D0:          	
0E/CF:          	; DO WE HAVE SPACE TO STORE IT?
0E/CF: 5401     1:	ADDI	B,1
0E/D0: D100     	CMP	A,B
0E/D1: F60C     	BRZ	4F
0E/D3:          	
0E/D2:          	; STORE IT
0E/D2: 8000     2:	LOAD	A,[CBLOCK]
0E/D3: 8C01     	LOAD	D,[CBLOCK+1]
0E/D4: A080     	STORE	[DBANK],A
0E/D5: B900     	STOREF	[B],C
0E/D7:          	
0E/D6:          	; IF ITS ZERO, WE INCREMENT THE LINE COUNTER
0E/D6: 5800     	ADDI	C,0
0E/D7: F703     	BRNZ	3F
0E/D8: 9B02     	LOADF	C,[D+2]
0E/D9: 5801     	ADDI	C,1
0E/DA: BB02     	STOREF	[D+2],C
0E/DC:          
0E/DB:          	; TAKE IT FROM THE TOP
0E/DB: 3000     3:	LOADI	A,0
0E/DC: A080     	STORE	[DBANK],A
0E/DD: FFE6     	JUMP	0B
0E/DF:          	
0E/DE:          	; WE ARE OUT OF MEMORY ON THIS BLOCK, MOVE ON TO THE NEXT
0E/DE:          	; DO A MALLOC
0E/DE: A80A     4:	STORE	[CHAR],C
0E/DF: 8C0C     	LOAD	D,[SPARK]
0E/E0: 38E5     	LOADI	C,@+5
0E/E1: BB00     	STOREF	[D],C
0E/E2: 3402     	LOADI	B,MEM0_B
0E/E3: 38A1     	LOADI	C,MALLOC
0E/E4: FF1D     	JUMP	INDIR
0E/E6:          	
0E/E5:          	; DID IT WORK?
0E/E5: 5000     	ADDI	A,0
0E/E6: F712     	BRNZ	9F
0E/E8:          	
0E/E7:          	; SET MB POINTERS AND GO
0E/E7: 8407     	LOAD	B,[MB_PNTR]
0E/E8: 3800     	LOADI	C,0
0E/E9: B9FF     	STOREF	[B+0-1],C
0E/EA: 880A     	LOAD	C,[CHAR]
0E/EB: FFE6     	JUMP	2B
0E/ED:          
0E/EC:          	; WRAP THINGS UP AND MOVE ON TO THE FINAL STAGE
0E/EC: A407     5:	STORE	[MB_PNTR],B
0E/ED: 7001     	SUBI	A,1
0E/EE: D100     	CMP	A,B
0E/EF: F606     	BRZ	6F
0E/F0: 8000     	LOAD	A,[CBLOCK]
0E/F1: A080     	STORE	[DBANK],A
0E/F2: 30FF     	LOADI	A,0XFF
0E/F3: B101     	STOREF	[B+1],A
0E/F4: 3000     	LOADI	A,0
0E/F5: A080     	STORE	[DBANK],A
0E/F7:          	
0E/F6: 340D     6:	LOADI	B,LOP1_B
0E/F7: 38B2     	LOADI	C,INPUTLC
0E/F8: FF09     	JUMP	INDIR
0E/FA:          
0E/F9:          	; EXIT
0E/F9: 5C02     9:	ADDI	D,2
0E/FA: FF08     	JUMP	IRET
0E/FC:          	
0E/FB:          	; BANK IS DONE, MOVE ON TO THE NEXT
0E/FB:          BI	= BI+1
0E/FB:          .TEXT
0E/FB:          .BANK	BI
0F/80:          LOP3_B	= BI
0F/80:          
0F/80:          	; SHADOW OF ERASEL
0F/80: 7C02     ERASELA:SUBI	D,2
0F/81: AC0C     	STORE	[SPARK],D
0F/83:          
0F/82:          	; SET BASE POINTER
0F/82: 8007     	LOAD	 A,[MB_PNTR]
0F/83: A006     	STORE	[POINTER],A
0F/85:          
0F/84:          	; ERASE A LINE
0F/84:          	; START BY DECREMENTING THE LINE COUNT ON THE BLOCK
0F/84: 8400     0:	LOAD	B,[CBLOCK]
0F/85: 8801     	LOAD	C,[CBLOCK+1]
0F/86: 8C07     	LOAD	D,[MB_PNTR]
0F/87: A480     	STORE	[DBANK],B
0F/88: 9202     	LOADF	A,[C+2]
0F/89: 7001     	SUBI	A,1
0F/8A: B202     	STOREF	[C+2],A
0F/8C:          	
0F/8B:          	; SCRATCH THE LINE START OUT
0F/8B: 30FF     	LOADI	A,0XFF
0F/8C: B300     	STOREF	[D],A
0F/8E:          	
0F/8D:          	; C = MB_END
0F/8D:          	; D = MB_PNTR
0F/8D: 5820     	ADDI	C,32
0F/8F:          	
0F/8E:          	; MARCH UNTIL THE NEXT LINE IS FOUND
0F/8E: 5C01     1:	ADDI	D,1
0F/8F: DB00     	CMP	C,D
0F/90: F604     	BRZ	2F
0F/92:          	
0F/91:          	; CHECK CHARACTER
0F/91: 9300     	LOADF	A,[D]
0F/92: 5000     	ADDI	A,0
0F/93: F630     	BRZ	5F
0F/94: F5F9     	BRNN	1B 
0F/96:          
0F/95:          	; MOVE ON TO THE NEXT BLOCK
0F/95: 92E0     2:	LOADF	A,[C+0-32]
0F/96: 96E1     	LOADF	B,[C+1-32]
0F/97: 9EE2     	LOADF	D,[C+2-32]
0F/98: 5C00     	ADDI	D,0
0F/99: 3C00     	LOADI	D,0
0F/9A: AC80     	STORE	[DBANK],D
0F/9C:          	
0F/9B:          	; SAVE NEXT BLOCK IN TEMP
0F/9B: A016     	STORE	[TEMP],A
0F/9C: A417     	STORE	[TEMP+1],B
0F/9E:          		
0F/9D:          	; CAN WE DEALLOCATE THE BLOCK?
0F/9D:          	; IF THERE ARE STILL LINES ON THE BLOCK, THEN NO 
0F/9D: F716     	BRNZ	3F
0F/9F:          	
0F/9E:          	; SEE IF THERE WAS ANYTHING THAT CAME BEFORE THE LINE
0F/9E: 8C06     	LOAD	D,[POINTER]
0F/9F: 781D     	SUBI	C,32-3
0F/A0: DB00     	CMP	C,D
0F/A1: F712     	BRNZ	3F
0F/A3:          	
0F/A2:          	; ALRIGHT, WE CAN FREE IT
0F/A2:          	; LINK THE NEXT BLOCK ONTO THE PREVIOUS BLOCK
0F/A2: 8828     	LOAD	C,[PBLOCK]
0F/A3: 8C29     	LOAD	D,[PBLOCK+1]
0F/A4: A880     	STORE	[DBANK],C
0F/A5: B300     	STOREF	[D],A
0F/A6: B701     	STOREF	[D+1],B
0F/A7: 3800     	LOADI	C,0
0F/A8: A880     	STORE	[DBANK],C
0F/AA:          	
0F/A9:          	; FREE THE BLOCK
0F/A9: 8C0C     	LOAD	D,[SPARK]
0F/AA: 380F     	LOADI	C,BI
0F/AB: BB01     	STOREF	[D+1],C
0F/AC: 38B1     	LOADI	C,@+5
0F/AD: BB00     	STOREF	[D],C
0F/AE: 3402     	LOADI	B,MEM0_B
0F/AF: 38DE     	LOADI	C,FREE
0F/B0: FF51     	JUMP	INDIR
0F/B2:          	
0F/B1:          	; GET THE NEXT BLOCK FROM TEMP
0F/B1: 8016     	LOAD	A,[TEMP]
0F/B2: 8417     	LOAD	B,[TEMP+1]
0F/B3: FF04     	JUMP	4F
0F/B5:          
0F/B4:          	; SET CURRENT BLOCK AS PREVIOUS BLOCK
0F/B4: 8800     3:	LOAD	C,[CBLOCK]
0F/B5: 8C01     	LOAD	D,[CBLOCK+1]
0F/B6: A828     	STORE	[PBLOCK],C
0F/B7: AC29     	STORE	[PBLOCK+1],D
0F/B9:          	
0F/B8:          	; UPDATE SHIFT POINTER AND KEEP MARCHING
0F/B8: A000     4:	STORE	[CBLOCK],A
0F/B9: A401     	STORE	[CBLOCK+1],B
0F/BA: 3C03     	LOADI	D,3
0F/BB: 4D00     	ADD	D,B
0F/BC: AC06     	STORE	[POINTER],D
0F/BD: 3820     	LOADI	C,32
0F/BE: 4900     	ADD	C,B
0F/BF: 5000     	ADDI	A,0
0F/C0: F629     	BRZ	9F
0F/C1: A080     	STORE	[DBANK],A
0F/C2: 7C01     	SUBI	D,1
0F/C3: FFCA     	JUMP	1B
0F/C5:          	
0F/C4:          	; FOUND THE START OF A NEW LINE
0F/C4: 3000     5:	LOADI	A,0
0F/C5: A080     	STORE	[DBANK],A
0F/C6: A808     	STORE	[MB_END],C
0F/C7: AC07     	STORE	[MB_PNTR],D
0F/C9:          	
0F/C8:          	; ENSURE ARGA > ARGB
0F/C8: 8012     	LOAD	A,[ARGA]
0F/C9: 8414     	LOAD	B,[ARGB]
0F/CA: D100     	CMP	A,B
0F/CB: F10E     	BRB	8F
0F/CC: F804     	BRA	6F
0F/CD: 8013     	LOAD	A,[ARGA+1]
0F/CE: 8415     	LOAD	B,[ARGB+1]
0F/CF: D100     	CMP	A,B
0F/D0: F909     	BRBE	8F
0F/D2:          	
0F/D1:          	; INCREMENT ARGB
0F/D1: 8015     6:	LOAD	A,[ARGB+1]
0F/D2: 5001     	ADDI	A,1
0F/D3: A015     	STORE	[ARGB+1],A
0F/D4: F104     	BRNC	7F
0F/D5: 8014     	LOAD	A,[ARGB]
0F/D6: 5001     	ADDI	A,1
0F/D7: A014     	STORE	[ARGB],A
0F/D8: F001     	BRC	8F
0F/DA:          
0F/D9:          	; GO BACK AND DO ANOTHER LINE
0F/D9: FFAA     7:	JUMP	0B
0F/DB:          
0F/DA:          	; WE ARE DONE PROCESSING, CLEAN UP
0F/DA: 8007     8:	LOAD	A,[MB_PNTR]
0F/DB: 8408     	LOAD	B,[MB_END]
0F/DC: 8806     	LOAD	C,[POINTER]
0F/DD: 8C00     	LOAD	D,[CBLOCK]
0F/DF:          	
0F/DE:          	; DO WE NEED TO?
0F/DE: D200     	CMP	A,C
0F/DF: F90A     	BRBE	9F
0F/E1:          	
0F/E0:          	; YES WE DO
0F/E0: AC80     	STORE	[DBANK],D
0F/E1: D100     8:	CMP	A,B
0F/E2: F607     	BRZ	9F
0F/E3: 9C00     	LOADF	D,[A]
0F/E4: BE00     	STOREF	[C],D
0F/E5: 3CFF     	LOADI	D,0XFF
0F/E6: BE01     	STOREF	[C+1],D
0F/E7: 5001     	ADDI	A,1
0F/E8: 5801     	ADDI	C,1
0F/E9: FFF7     	JUMP	8B
0F/EB:          
0F/EA:          	; RETURN
0F/EA: 3000     9:	LOADI	A,0
0F/EB: A080     	STORE	[DBANK],A
0F/EC: 8C0C     	LOAD	D,[SPARK]
0F/ED: 5C02     	ADDI	D,2
0F/EE: FF14     	JUMP	IRET
0F/F0:          	
0F/EF:          	; BANK IS DONE, MOVE ON TO THE NEXT
0F/EF:          BI	= BI+1
